

Started GET "/brands" for 127.0.0.1 at 2015-05-30 04:43:33 -0400
Processing by BrandsController#index as HTML
  [1m[35mBrand Load (0.3ms)[0m  SELECT "brands".* FROM "brands"
  [1m[36mUser Load (0.4ms)[0m  [1mSELECT  "users".* FROM "users"  WHERE "users"."id" = 1  ORDER BY "users"."id" ASC LIMIT 1[0m
  Rendered brands/index.html.erb within layouts/application (4.2ms)
  Rendered elements/_bootstrap.html.erb (0.1ms)
  Rendered elements/_navbar.html.erb (0.8ms)
  Rendered elements/_header.html.erb (2.2ms)
  Rendered elements/_footer.html.erb (0.0ms)
Completed 200 OK in 233ms (Views: 230.9ms | ActiveRecord: 0.7ms)


Started GET "/assets/bootstrap_configuration.css?body=1" for 127.0.0.1 at 2015-05-30 04:43:33 -0400


Started GET "/assets/brews.css?body=1" for 127.0.0.1 at 2015-05-30 04:43:33 -0400


Started GET "/assets/pages.css?body=1" for 127.0.0.1 at 2015-05-30 04:43:33 -0400


Started GET "/assets/brands.css?body=1" for 127.0.0.1 at 2015-05-30 04:43:33 -0400


Started GET "/assets/scaffolds.css?body=1" for 127.0.0.1 at 2015-05-30 04:43:33 -0400


Started GET "/assets/roasts.css?body=1" for 127.0.0.1 at 2015-05-30 04:43:33 -0400


Started GET "/assets/jquery.js?body=1" for 127.0.0.1 at 2015-05-30 04:43:33 -0400


Started GET "/assets/application.css?body=1" for 127.0.0.1 at 2015-05-30 04:43:33 -0400


Started GET "/assets/jquery_ujs.js?body=1" for 127.0.0.1 at 2015-05-30 04:43:33 -0400


Started GET "/assets/turbolinks.js?body=1" for 127.0.0.1 at 2015-05-30 04:43:33 -0400


Started GET "/assets/jquery-ui/core.js?body=1" for 127.0.0.1 at 2015-05-30 04:43:33 -0400


Started GET "/assets/jquery-ui/datepicker.js?body=1" for 127.0.0.1 at 2015-05-30 04:43:33 -0400


Started GET "/assets/jquery-ui/widget.js?body=1" for 127.0.0.1 at 2015-05-30 04:43:33 -0400


Started GET "/assets/jquery-ui/button.js?body=1" for 127.0.0.1 at 2015-05-30 04:43:33 -0400


Started GET "/assets/jquery-ui/mouse.js?body=1" for 127.0.0.1 at 2015-05-30 04:43:33 -0400


Started GET "/assets/jquery-ui/draggable.js?body=1" for 127.0.0.1 at 2015-05-30 04:43:33 -0400


Started GET "/assets/jquery-ui/position.js?body=1" for 127.0.0.1 at 2015-05-30 04:43:33 -0400


Started GET "/assets/jquery-ui/resizable.js?body=1" for 127.0.0.1 at 2015-05-30 04:43:33 -0400


Started GET "/assets/jquery-ui/dialog.js?body=1" for 127.0.0.1 at 2015-05-30 04:43:33 -0400


Started GET "/assets/jquery-ui/sortable.js?body=1" for 127.0.0.1 at 2015-05-30 04:43:33 -0400


Started GET "/assets/jquery-ui/tabs.js?body=1" for 127.0.0.1 at 2015-05-30 04:43:33 -0400


Started GET "/assets/active_admin/base.js?body=1" for 127.0.0.1 at 2015-05-30 04:43:33 -0400


Started GET "/assets/active_admin/lib/batch_actions.js?body=1" for 127.0.0.1 at 2015-05-30 04:43:33 -0400


Started GET "/assets/active_admin/lib/checkbox-toggler.js?body=1" for 127.0.0.1 at 2015-05-30 04:43:33 -0400


Started GET "/assets/active_admin/lib/dropdown-menu.js?body=1" for 127.0.0.1 at 2015-05-30 04:43:33 -0400


Started GET "/assets/active_admin/lib/flash.js?body=1" for 127.0.0.1 at 2015-05-30 04:43:33 -0400


Started GET "/assets/active_admin/lib/has_many.js?body=1" for 127.0.0.1 at 2015-05-30 04:43:33 -0400


Started GET "/assets/active_admin/lib/modal_dialog.js?body=1" for 127.0.0.1 at 2015-05-30 04:43:33 -0400


Started GET "/assets/active_admin/lib/per_page.js?body=1" for 127.0.0.1 at 2015-05-30 04:43:33 -0400


Started GET "/assets/active_admin/lib/table-checkbox-toggler.js?body=1" for 127.0.0.1 at 2015-05-30 04:43:34 -0400


Started GET "/assets/active_admin/ext/jquery-ui.js?body=1" for 127.0.0.1 at 2015-05-30 04:43:34 -0400


Started GET "/assets/active_admin/ext/jquery.js?body=1" for 127.0.0.1 at 2015-05-30 04:43:34 -0400


Started GET "/assets/active_admin/application.js?body=1" for 127.0.0.1 at 2015-05-30 04:43:34 -0400


Started GET "/assets/active_admin.js?body=1" for 127.0.0.1 at 2015-05-30 04:43:34 -0400


Started GET "/assets/brands.js?body=1" for 127.0.0.1 at 2015-05-30 04:43:34 -0400


Started GET "/assets/brews.js?body=1" for 127.0.0.1 at 2015-05-30 04:43:34 -0400


Started GET "/assets/pages.js?body=1" for 127.0.0.1 at 2015-05-30 04:43:34 -0400


Started GET "/assets/roasts.js?body=1" for 127.0.0.1 at 2015-05-30 04:43:34 -0400


Started GET "/assets/application.js?body=1" for 127.0.0.1 at 2015-05-30 04:43:34 -0400


Started GET "/brands/1" for 127.0.0.1 at 2015-05-30 04:43:35 -0400
Processing by BrandsController#show as HTML
  Parameters: {"id"=>"1"}
  [1m[35mBrand Load (0.2ms)[0m  SELECT  "brands".* FROM "brands"  WHERE "brands"."id" = $1 LIMIT 1  [["id", 1]]
  [1m[36mRoast Load (0.5ms)[0m  [1mSELECT "roasts".* FROM "roasts"  WHERE "roasts"."brand_id" = $1[0m  [["brand_id", 1]]
  Rendered brands/show.html.erb within layouts/application (25.8ms)
  Rendered elements/_bootstrap.html.erb (0.4ms)
  [1m[35mUser Load (0.5ms)[0m  SELECT  "users".* FROM "users"  WHERE "users"."id" = 1  ORDER BY "users"."id" ASC LIMIT 1
  Rendered elements/_navbar.html.erb (2.8ms)
  Rendered elements/_header.html.erb (4.7ms)
  Rendered elements/_footer.html.erb (0.3ms)
Completed 200 OK in 221ms (Views: 217.0ms | ActiveRecord: 2.8ms)


Started GET "/brands/1/edit" for 127.0.0.1 at 2015-05-30 04:43:41 -0400
Processing by BrandsController#edit as HTML
  Parameters: {"id"=>"1"}
  [1m[36mBrand Load (0.3ms)[0m  [1mSELECT  "brands".* FROM "brands"  WHERE "brands"."id" = $1 LIMIT 1[0m  [["id", 1]]
  Rendered brands/_form.html.erb (18.0ms)
  Rendered brands/edit.html.erb within layouts/application (20.1ms)
  Rendered elements/_bootstrap.html.erb (0.0ms)
  [1m[35mUser Load (0.4ms)[0m  SELECT  "users".* FROM "users"  WHERE "users"."id" = 1  ORDER BY "users"."id" ASC LIMIT 1
  Rendered elements/_navbar.html.erb (2.0ms)
  Rendered elements/_header.html.erb (3.1ms)
  Rendered elements/_footer.html.erb (0.0ms)
Completed 200 OK in 216ms (Views: 214.0ms | ActiveRecord: 0.8ms)


Started PATCH "/brands/1" for 127.0.0.1 at 2015-05-30 04:43:47 -0400
Processing by BrandsController#update as HTML
  Parameters: {"utf8"=>"✓", "authenticity_token"=>"cKewbQ18XL1Ewdp+TT1usq3p2tB9cdLPuZPI0Xzikgc=", "brand"=>{"name"=>"CC", "phone"=>"999-888-8888", "website"=>"www.counterculturecoffee.com", "email"=>"info@ccc.com", "picture"=>#<ActionDispatch::Http::UploadedFile:0x007fc7faf38580 @tempfile=#<Tempfile:/var/folders/fy/3n48sl952_b7jsr4y6y40q600000gn/T/RackMultipart20150530-38771-t6cgtx>, @original_filename="counterculture.jpeg", @content_type="image/jpeg", @headers="Content-Disposition: form-data; name=\"brand[picture]\"; filename=\"counterculture.jpeg\"\r\nContent-Type: image/jpeg\r\n">}, "commit"=>"Update Brand", "id"=>"1"}
  [1m[36mBrand Load (0.3ms)[0m  [1mSELECT  "brands".* FROM "brands"  WHERE "brands"."id" = $1 LIMIT 1[0m  [["id", 1]]
  [1m[35m (0.1ms)[0m  BEGIN
  [1m[36mSQL (0.3ms)[0m  [1mUPDATE "brands" SET "picture" = $1, "updated_at" = $2 WHERE "brands"."id" = 1[0m  [["picture", "counterculture.jpeg"], ["updated_at", "2015-05-30 08:43:47.608638"]]
  [1m[35m (0.2ms)[0m  ROLLBACK
Completed 500 Internal Server Error in 2757ms

Excon::Errors::BadRequest - Expected(200) <=> Actual(400 Bad Request)
excon.error.response
  :body          => "<?xml version=\"1.0\" encoding=\"UTF-8\"?>\n<Error><Code>AuthorizationHeaderMalformed</Code><Message>The authorization header is malformed; the region 'us-east-1' is wrong; expecting 'us-west-2'</Message><Region>us-west-2</Region><RequestId>1BC215157165C74E</RequestId><HostId>DkF1qYu0xPSRmTqg5Q1yNDqkRL05WRHi0BJhufPva75wlhcOSD9j77NpJdJYMsZi6tp0CJvuiEk=</HostId></Error>"
  :headers       => {
    "Connection"       => "close"
    "Content-Type"     => "application/xml"
    "Date"             => "Sat, 30 May 2015 08:37:24 GMT"
    "Server"           => "AmazonS3"
    "x-amz-id-2"       => "DkF1qYu0xPSRmTqg5Q1yNDqkRL05WRHi0BJhufPva75wlhcOSD9j77NpJdJYMsZi6tp0CJvuiEk="
    "x-amz-request-id" => "1BC215157165C74E"
  }
  :local_address => "192.168.1.34"
  :local_port    => 59588
  :reason_phrase => "Bad Request"
  :remote_ip     => "54.231.160.50"
  :status        => 400
  :status_line   => "HTTP/1.1 400 Bad Request\r\n"
:
  excon (0.45.3) lib/excon/middlewares/expects.rb:6:in `response_call'
  excon (0.45.3) lib/excon/middlewares/response_parser.rb:8:in `response_call'
  excon (0.45.3) lib/excon/connection.rb:372:in `response'
  excon (0.45.3) lib/excon/connection.rb:236:in `request'
  excon (0.45.3) lib/excon/middlewares/idempotent.rb:26:in `error_call'
  excon (0.45.3) lib/excon/middlewares/base.rb:10:in `error_call'
  excon (0.45.3) lib/excon/middlewares/base.rb:10:in `error_call'
  excon (0.45.3) lib/excon/connection.rb:256:in `rescue in request'
  excon (0.45.3) lib/excon/connection.rb:204:in `request'
  excon (0.45.3) lib/excon/middlewares/idempotent.rb:26:in `error_call'
  excon (0.45.3) lib/excon/middlewares/base.rb:10:in `error_call'
  excon (0.45.3) lib/excon/middlewares/base.rb:10:in `error_call'
  excon (0.45.3) lib/excon/connection.rb:256:in `rescue in request'
  excon (0.45.3) lib/excon/connection.rb:204:in `request'
  excon (0.45.3) lib/excon/middlewares/idempotent.rb:26:in `error_call'
  excon (0.45.3) lib/excon/middlewares/base.rb:10:in `error_call'
  excon (0.45.3) lib/excon/middlewares/base.rb:10:in `error_call'
  excon (0.45.3) lib/excon/connection.rb:256:in `rescue in request'
  excon (0.45.3) lib/excon/connection.rb:204:in `request'
  fog-core (1.30.0) lib/fog/core/connection.rb:81:in `request'
  fog-xml (0.1.2) lib/fog/xml/connection.rb:9:in `request'
  fog-aws (0.3.0) lib/fog/aws/storage.rb:596:in `_request'
  fog-aws (0.3.0) lib/fog/aws/storage.rb:591:in `request'
  fog-aws (0.3.0) lib/fog/aws/requests/storage/put_object.rb:43:in `put_object'
  fog-aws (0.3.0) lib/fog/aws/models/storage/file.rb:212:in `save'
  fog-core (1.30.0) lib/fog/core/collection.rb:51:in `create'
  /Users/Zack/.bundler/ruby/2.2.0/carrierwave-a1b96d05d021/lib/carrierwave/storage/fog.rb:310:in `store'
  /Users/Zack/.bundler/ruby/2.2.0/carrierwave-a1b96d05d021/lib/carrierwave/storage/fog.rb:78:in `store!'
  /Users/Zack/.bundler/ruby/2.2.0/carrierwave-a1b96d05d021/lib/carrierwave/uploader/store.rb:59:in `block in store!'
  /Users/Zack/.bundler/ruby/2.2.0/carrierwave-a1b96d05d021/lib/carrierwave/uploader/callbacks.rb:17:in `with_callbacks'
  /Users/Zack/.bundler/ruby/2.2.0/carrierwave-a1b96d05d021/lib/carrierwave/uploader/store.rb:58:in `store!'
  /Users/Zack/.bundler/ruby/2.2.0/carrierwave-a1b96d05d021/lib/carrierwave/mounter.rb:99:in `store!'
  /Users/Zack/.bundler/ruby/2.2.0/carrierwave-a1b96d05d021/lib/carrierwave/mount.rb:387:in `store_picture!'
  activesupport (4.1.4) lib/active_support/callbacks.rb:424:in `block in make_lambda'
  activesupport (4.1.4) lib/active_support/callbacks.rb:221:in `block in halting_and_conditional'
  activesupport (4.1.4) lib/active_support/callbacks.rb:215:in `block in halting_and_conditional'
  activesupport (4.1.4) lib/active_support/callbacks.rb:86:in `run_callbacks'
  activerecord (4.1.4) lib/active_record/callbacks.rb:302:in `create_or_update'
  activerecord (4.1.4) lib/active_record/persistence.rb:103:in `save'
  activerecord (4.1.4) lib/active_record/validations.rb:51:in `save'
  activerecord (4.1.4) lib/active_record/attribute_methods/dirty.rb:21:in `save'
  activerecord (4.1.4) lib/active_record/transactions.rb:268:in `block (2 levels) in save'
  activerecord (4.1.4) lib/active_record/transactions.rb:329:in `block in with_transaction_returning_status'
  activerecord (4.1.4) lib/active_record/connection_adapters/abstract/database_statements.rb:199:in `transaction'
  activerecord (4.1.4) lib/active_record/transactions.rb:208:in `transaction'
  activerecord (4.1.4) lib/active_record/transactions.rb:326:in `with_transaction_returning_status'
  activerecord (4.1.4) lib/active_record/transactions.rb:268:in `block in save'
  activerecord (4.1.4) lib/active_record/transactions.rb:283:in `rollback_active_record_state!'
  activerecord (4.1.4) lib/active_record/transactions.rb:267:in `save'
  activerecord (4.1.4) lib/active_record/persistence.rb:232:in `block in update'
  activerecord (4.1.4) lib/active_record/transactions.rb:329:in `block in with_transaction_returning_status'
  activerecord (4.1.4) lib/active_record/connection_adapters/abstract/database_statements.rb:201:in `block in transaction'
  activerecord (4.1.4) lib/active_record/connection_adapters/abstract/database_statements.rb:209:in `within_new_transaction'
  activerecord (4.1.4) lib/active_record/connection_adapters/abstract/database_statements.rb:201:in `transaction'
  activerecord (4.1.4) lib/active_record/transactions.rb:208:in `transaction'
  activerecord (4.1.4) lib/active_record/transactions.rb:326:in `with_transaction_returning_status'
  activerecord (4.1.4) lib/active_record/persistence.rb:230:in `update'
  inherited_resources (1.6.0) lib/inherited_resources/base_helpers.rb:85:in `update_resource'
  inherited_resources (1.6.0) lib/inherited_resources/actions.rb:45:in `update'
  actionpack (4.1.4) lib/action_controller/metal/implicit_render.rb:4:in `send_action'
  actionpack (4.1.4) lib/abstract_controller/base.rb:189:in `process_action'
  actionpack (4.1.4) lib/action_controller/metal/rendering.rb:10:in `process_action'
  actionpack (4.1.4) lib/abstract_controller/callbacks.rb:20:in `block in process_action'
  activesupport (4.1.4) lib/active_support/callbacks.rb:113:in `call'
  activesupport (4.1.4) lib/active_support/callbacks.rb:149:in `block in halting_and_conditional'
  activesupport (4.1.4) lib/active_support/callbacks.rb:229:in `block in halting'
  activesupport (4.1.4) lib/active_support/callbacks.rb:229:in `block in halting'
  activesupport (4.1.4) lib/active_support/callbacks.rb:166:in `block in halting'
  activesupport (4.1.4) lib/active_support/callbacks.rb:166:in `block in halting'
  activesupport (4.1.4) lib/active_support/callbacks.rb:166:in `block in halting'
  activesupport (4.1.4) lib/active_support/callbacks.rb:166:in `block in halting'
  activesupport (4.1.4) lib/active_support/callbacks.rb:86:in `run_callbacks'
  actionpack (4.1.4) lib/abstract_controller/callbacks.rb:19:in `process_action'
  actionpack (4.1.4) lib/action_controller/metal/rescue.rb:29:in `process_action'
  actionpack (4.1.4) lib/action_controller/metal/instrumentation.rb:31:in `block in process_action'
  activesupport (4.1.4) lib/active_support/notifications.rb:159:in `block in instrument'
  activesupport (4.1.4) lib/active_support/notifications/instrumenter.rb:20:in `instrument'
  activesupport (4.1.4) lib/active_support/notifications.rb:159:in `instrument'
  actionpack (4.1.4) lib/action_controller/metal/instrumentation.rb:30:in `process_action'
  actionpack (4.1.4) lib/action_controller/metal/params_wrapper.rb:250:in `process_action'
  activerecord (4.1.4) lib/active_record/railties/controller_runtime.rb:18:in `process_action'
  actionpack (4.1.4) lib/abstract_controller/base.rb:136:in `process'
  actionview (4.1.4) lib/action_view/rendering.rb:30:in `process'
  actionpack (4.1.4) lib/action_controller/metal.rb:196:in `dispatch'
  actionpack (4.1.4) lib/action_controller/metal/rack_delegation.rb:13:in `dispatch'
  actionpack (4.1.4) lib/action_controller/metal.rb:232:in `block in action'
  actionpack (4.1.4) lib/action_dispatch/routing/route_set.rb:82:in `dispatch'
  actionpack (4.1.4) lib/action_dispatch/routing/route_set.rb:50:in `call'
  actionpack (4.1.4) lib/action_dispatch/journey/router.rb:71:in `block in call'
  actionpack (4.1.4) lib/action_dispatch/journey/router.rb:59:in `call'
  actionpack (4.1.4) lib/action_dispatch/routing/route_set.rb:678:in `call'
  warden (1.2.3) lib/warden/manager.rb:35:in `block in call'
  warden (1.2.3) lib/warden/manager.rb:34:in `call'
  rack (1.5.3) lib/rack/etag.rb:23:in `call'
  rack (1.5.3) lib/rack/conditionalget.rb:35:in `call'
  rack (1.5.3) lib/rack/head.rb:11:in `call'
  actionpack (4.1.4) lib/action_dispatch/middleware/params_parser.rb:27:in `call'
  actionpack (4.1.4) lib/action_dispatch/middleware/flash.rb:254:in `call'
  rack (1.5.3) lib/rack/session/abstract/id.rb:225:in `context'
  rack (1.5.3) lib/rack/session/abstract/id.rb:220:in `call'
  actionpack (4.1.4) lib/action_dispatch/middleware/cookies.rb:560:in `call'
  activerecord (4.1.4) lib/active_record/query_cache.rb:36:in `call'
  activerecord (4.1.4) lib/active_record/connection_adapters/abstract/connection_pool.rb:621:in `call'
  activerecord (4.1.4) lib/active_record/migration.rb:380:in `call'
  actionpack (4.1.4) lib/action_dispatch/middleware/callbacks.rb:29:in `block in call'
  activesupport (4.1.4) lib/active_support/callbacks.rb:82:in `run_callbacks'
  actionpack (4.1.4) lib/action_dispatch/middleware/callbacks.rb:27:in `call'
  actionpack (4.1.4) lib/action_dispatch/middleware/reloader.rb:73:in `call'
  actionpack (4.1.4) lib/action_dispatch/middleware/remote_ip.rb:76:in `call'
  better_errors (2.1.1) lib/better_errors/middleware.rb:84:in `protected_app_call'
  better_errors (2.1.1) lib/better_errors/middleware.rb:79:in `better_errors_call'
  better_errors (2.1.1) lib/better_errors/middleware.rb:57:in `call'
  actionpack (4.1.4) lib/action_dispatch/middleware/debug_exceptions.rb:17:in `call'
  actionpack (4.1.4) lib/action_dispatch/middleware/show_exceptions.rb:30:in `call'
  railties (4.1.4) lib/rails/rack/logger.rb:38:in `call_app'
  railties (4.1.4) lib/rails/rack/logger.rb:20:in `block in call'
  activesupport (4.1.4) lib/active_support/tagged_logging.rb:68:in `block in tagged'
  activesupport (4.1.4) lib/active_support/tagged_logging.rb:26:in `tagged'
  activesupport (4.1.4) lib/active_support/tagged_logging.rb:68:in `tagged'
  railties (4.1.4) lib/rails/rack/logger.rb:20:in `call'
  actionpack (4.1.4) lib/action_dispatch/middleware/request_id.rb:21:in `call'
  rack (1.5.3) lib/rack/methodoverride.rb:21:in `call'
  rack (1.5.3) lib/rack/runtime.rb:17:in `call'
  activesupport (4.1.4) lib/active_support/cache/strategy/local_cache_middleware.rb:26:in `call'
  rack (1.5.3) lib/rack/lock.rb:17:in `call'
  actionpack (4.1.4) lib/action_dispatch/middleware/static.rb:64:in `call'
  rack (1.5.3) lib/rack/sendfile.rb:112:in `call'
  railties (4.1.4) lib/rails/engine.rb:514:in `call'
  railties (4.1.4) lib/rails/application.rb:144:in `call'
  rack (1.5.3) lib/rack/lock.rb:17:in `call'
  rack (1.5.3) lib/rack/content_length.rb:14:in `call'
  rack (1.5.3) lib/rack/handler/webrick.rb:60:in `service'
  /Users/Zack/.rbenv/versions/2.2.1/lib/ruby/2.2.0/webrick/httpserver.rb:138:in `service'
  /Users/Zack/.rbenv/versions/2.2.1/lib/ruby/2.2.0/webrick/httpserver.rb:94:in `run'
  /Users/Zack/.rbenv/versions/2.2.1/lib/ruby/2.2.0/webrick/server.rb:294:in `block in start_thread'



Started PATCH "/brands/1" for 127.0.0.1 at 2015-05-30 04:43:50 -0400
Processing by BrandsController#update as HTML
  Parameters: {"utf8"=>"✓", "authenticity_token"=>"cKewbQ18XL1Ewdp+TT1usq3p2tB9cdLPuZPI0Xzikgc=", "brand"=>{"name"=>"CC", "phone"=>"999-888-8888", "website"=>"www.counterculturecoffee.com", "email"=>"info@ccc.com", "picture"=>#<ActionDispatch::Http::UploadedFile:0x007fc7f2712980 @tempfile=#<Tempfile:/var/folders/fy/3n48sl952_b7jsr4y6y40q600000gn/T/RackMultipart20150530-38771-w8nxhc>, @original_filename="counterculture.jpeg", @content_type="image/jpeg", @headers="Content-Disposition: form-data; name=\"brand[picture]\"; filename=\"counterculture.jpeg\"\r\nContent-Type: image/jpeg\r\n">}, "commit"=>"Update Brand", "id"=>"1"}
  [1m[36mBrand Load (0.3ms)[0m  [1mSELECT  "brands".* FROM "brands"  WHERE "brands"."id" = $1 LIMIT 1[0m  [["id", 1]]
  [1m[35m (0.1ms)[0m  BEGIN
  [1m[36mSQL (0.4ms)[0m  [1mUPDATE "brands" SET "picture" = $1, "updated_at" = $2 WHERE "brands"."id" = 1[0m  [["picture", "counterculture.jpeg"], ["updated_at", "2015-05-30 08:43:50.350243"]]
  [1m[35m (0.2ms)[0m  ROLLBACK
Completed 500 Internal Server Error in 2885ms

Excon::Errors::BadRequest - Expected(200) <=> Actual(400 Bad Request)
excon.error.response
  :body          => "<?xml version=\"1.0\" encoding=\"UTF-8\"?>\n<Error><Code>AuthorizationHeaderMalformed</Code><Message>The authorization header is malformed; the region 'us-east-1' is wrong; expecting 'us-west-2'</Message><Region>us-west-2</Region><RequestId>8336BA50547D3CEE</RequestId><HostId>eNT6u7qNE+PFnxy4YucWkYdKFjkPcaRCoW5N7rcJ4gUYx4NfipGOmQEvIXAyXFfxPkVLZLXihew=</HostId></Error>"
  :headers       => {
    "Connection"       => "close"
    "Content-Type"     => "application/xml"
    "Date"             => "Sat, 30 May 2015 08:37:27 GMT"
    "Server"           => "AmazonS3"
    "x-amz-id-2"       => "eNT6u7qNE+PFnxy4YucWkYdKFjkPcaRCoW5N7rcJ4gUYx4NfipGOmQEvIXAyXFfxPkVLZLXihew="
    "x-amz-request-id" => "8336BA50547D3CEE"
  }
  :local_address => "192.168.1.34"
  :local_port    => 59592
  :reason_phrase => "Bad Request"
  :remote_ip     => "54.231.160.50"
  :status        => 400
  :status_line   => "HTTP/1.1 400 Bad Request\r\n"
:
  excon (0.45.3) lib/excon/middlewares/expects.rb:6:in `response_call'
  excon (0.45.3) lib/excon/middlewares/response_parser.rb:8:in `response_call'
  excon (0.45.3) lib/excon/connection.rb:372:in `response'
  excon (0.45.3) lib/excon/connection.rb:236:in `request'
  excon (0.45.3) lib/excon/middlewares/idempotent.rb:26:in `error_call'
  excon (0.45.3) lib/excon/middlewares/base.rb:10:in `error_call'
  excon (0.45.3) lib/excon/middlewares/base.rb:10:in `error_call'
  excon (0.45.3) lib/excon/connection.rb:256:in `rescue in request'
  excon (0.45.3) lib/excon/connection.rb:204:in `request'
  excon (0.45.3) lib/excon/middlewares/idempotent.rb:26:in `error_call'
  excon (0.45.3) lib/excon/middlewares/base.rb:10:in `error_call'
  excon (0.45.3) lib/excon/middlewares/base.rb:10:in `error_call'
  excon (0.45.3) lib/excon/connection.rb:256:in `rescue in request'
  excon (0.45.3) lib/excon/connection.rb:204:in `request'
  excon (0.45.3) lib/excon/middlewares/idempotent.rb:26:in `error_call'
  excon (0.45.3) lib/excon/middlewares/base.rb:10:in `error_call'
  excon (0.45.3) lib/excon/middlewares/base.rb:10:in `error_call'
  excon (0.45.3) lib/excon/connection.rb:256:in `rescue in request'
  excon (0.45.3) lib/excon/connection.rb:204:in `request'
  fog-core (1.30.0) lib/fog/core/connection.rb:81:in `request'
  fog-xml (0.1.2) lib/fog/xml/connection.rb:9:in `request'
  fog-aws (0.3.0) lib/fog/aws/storage.rb:596:in `_request'
  fog-aws (0.3.0) lib/fog/aws/storage.rb:591:in `request'
  fog-aws (0.3.0) lib/fog/aws/requests/storage/put_object.rb:43:in `put_object'
  fog-aws (0.3.0) lib/fog/aws/models/storage/file.rb:212:in `save'
  fog-core (1.30.0) lib/fog/core/collection.rb:51:in `create'
  /Users/Zack/.bundler/ruby/2.2.0/carrierwave-a1b96d05d021/lib/carrierwave/storage/fog.rb:310:in `store'
  /Users/Zack/.bundler/ruby/2.2.0/carrierwave-a1b96d05d021/lib/carrierwave/storage/fog.rb:78:in `store!'
  /Users/Zack/.bundler/ruby/2.2.0/carrierwave-a1b96d05d021/lib/carrierwave/uploader/store.rb:59:in `block in store!'
  /Users/Zack/.bundler/ruby/2.2.0/carrierwave-a1b96d05d021/lib/carrierwave/uploader/callbacks.rb:17:in `with_callbacks'
  /Users/Zack/.bundler/ruby/2.2.0/carrierwave-a1b96d05d021/lib/carrierwave/uploader/store.rb:58:in `store!'
  /Users/Zack/.bundler/ruby/2.2.0/carrierwave-a1b96d05d021/lib/carrierwave/mounter.rb:99:in `store!'
  /Users/Zack/.bundler/ruby/2.2.0/carrierwave-a1b96d05d021/lib/carrierwave/mount.rb:387:in `store_picture!'
  activesupport (4.1.4) lib/active_support/callbacks.rb:424:in `block in make_lambda'
  activesupport (4.1.4) lib/active_support/callbacks.rb:221:in `block in halting_and_conditional'
  activesupport (4.1.4) lib/active_support/callbacks.rb:215:in `block in halting_and_conditional'
  activesupport (4.1.4) lib/active_support/callbacks.rb:86:in `run_callbacks'
  activerecord (4.1.4) lib/active_record/callbacks.rb:302:in `create_or_update'
  activerecord (4.1.4) lib/active_record/persistence.rb:103:in `save'
  activerecord (4.1.4) lib/active_record/validations.rb:51:in `save'
  activerecord (4.1.4) lib/active_record/attribute_methods/dirty.rb:21:in `save'
  activerecord (4.1.4) lib/active_record/transactions.rb:268:in `block (2 levels) in save'
  activerecord (4.1.4) lib/active_record/transactions.rb:329:in `block in with_transaction_returning_status'
  activerecord (4.1.4) lib/active_record/connection_adapters/abstract/database_statements.rb:199:in `transaction'
  activerecord (4.1.4) lib/active_record/transactions.rb:208:in `transaction'
  activerecord (4.1.4) lib/active_record/transactions.rb:326:in `with_transaction_returning_status'
  activerecord (4.1.4) lib/active_record/transactions.rb:268:in `block in save'
  activerecord (4.1.4) lib/active_record/transactions.rb:283:in `rollback_active_record_state!'
  activerecord (4.1.4) lib/active_record/transactions.rb:267:in `save'
  activerecord (4.1.4) lib/active_record/persistence.rb:232:in `block in update'
  activerecord (4.1.4) lib/active_record/transactions.rb:329:in `block in with_transaction_returning_status'
  activerecord (4.1.4) lib/active_record/connection_adapters/abstract/database_statements.rb:201:in `block in transaction'
  activerecord (4.1.4) lib/active_record/connection_adapters/abstract/database_statements.rb:209:in `within_new_transaction'
  activerecord (4.1.4) lib/active_record/connection_adapters/abstract/database_statements.rb:201:in `transaction'
  activerecord (4.1.4) lib/active_record/transactions.rb:208:in `transaction'
  activerecord (4.1.4) lib/active_record/transactions.rb:326:in `with_transaction_returning_status'
  activerecord (4.1.4) lib/active_record/persistence.rb:230:in `update'
  inherited_resources (1.6.0) lib/inherited_resources/base_helpers.rb:85:in `update_resource'
  inherited_resources (1.6.0) lib/inherited_resources/actions.rb:45:in `update'
  actionpack (4.1.4) lib/action_controller/metal/implicit_render.rb:4:in `send_action'
  actionpack (4.1.4) lib/abstract_controller/base.rb:189:in `process_action'
  actionpack (4.1.4) lib/action_controller/metal/rendering.rb:10:in `process_action'
  actionpack (4.1.4) lib/abstract_controller/callbacks.rb:20:in `block in process_action'
  activesupport (4.1.4) lib/active_support/callbacks.rb:113:in `call'
  activesupport (4.1.4) lib/active_support/callbacks.rb:149:in `block in halting_and_conditional'
  activesupport (4.1.4) lib/active_support/callbacks.rb:229:in `block in halting'
  activesupport (4.1.4) lib/active_support/callbacks.rb:229:in `block in halting'
  activesupport (4.1.4) lib/active_support/callbacks.rb:166:in `block in halting'
  activesupport (4.1.4) lib/active_support/callbacks.rb:166:in `block in halting'
  activesupport (4.1.4) lib/active_support/callbacks.rb:166:in `block in halting'
  activesupport (4.1.4) lib/active_support/callbacks.rb:166:in `block in halting'
  activesupport (4.1.4) lib/active_support/callbacks.rb:86:in `run_callbacks'
  actionpack (4.1.4) lib/abstract_controller/callbacks.rb:19:in `process_action'
  actionpack (4.1.4) lib/action_controller/metal/rescue.rb:29:in `process_action'
  actionpack (4.1.4) lib/action_controller/metal/instrumentation.rb:31:in `block in process_action'
  activesupport (4.1.4) lib/active_support/notifications.rb:159:in `block in instrument'
  activesupport (4.1.4) lib/active_support/notifications/instrumenter.rb:20:in `instrument'
  activesupport (4.1.4) lib/active_support/notifications.rb:159:in `instrument'
  actionpack (4.1.4) lib/action_controller/metal/instrumentation.rb:30:in `process_action'
  actionpack (4.1.4) lib/action_controller/metal/params_wrapper.rb:250:in `process_action'
  activerecord (4.1.4) lib/active_record/railties/controller_runtime.rb:18:in `process_action'
  actionpack (4.1.4) lib/abstract_controller/base.rb:136:in `process'
  actionview (4.1.4) lib/action_view/rendering.rb:30:in `process'
  actionpack (4.1.4) lib/action_controller/metal.rb:196:in `dispatch'
  actionpack (4.1.4) lib/action_controller/metal/rack_delegation.rb:13:in `dispatch'
  actionpack (4.1.4) lib/action_controller/metal.rb:232:in `block in action'
  actionpack (4.1.4) lib/action_dispatch/routing/route_set.rb:82:in `dispatch'
  actionpack (4.1.4) lib/action_dispatch/routing/route_set.rb:50:in `call'
  actionpack (4.1.4) lib/action_dispatch/journey/router.rb:71:in `block in call'
  actionpack (4.1.4) lib/action_dispatch/journey/router.rb:59:in `call'
  actionpack (4.1.4) lib/action_dispatch/routing/route_set.rb:678:in `call'
  warden (1.2.3) lib/warden/manager.rb:35:in `block in call'
  warden (1.2.3) lib/warden/manager.rb:34:in `call'
  rack (1.5.3) lib/rack/etag.rb:23:in `call'
  rack (1.5.3) lib/rack/conditionalget.rb:35:in `call'
  rack (1.5.3) lib/rack/head.rb:11:in `call'
  actionpack (4.1.4) lib/action_dispatch/middleware/params_parser.rb:27:in `call'
  actionpack (4.1.4) lib/action_dispatch/middleware/flash.rb:254:in `call'
  rack (1.5.3) lib/rack/session/abstract/id.rb:225:in `context'
  rack (1.5.3) lib/rack/session/abstract/id.rb:220:in `call'
  actionpack (4.1.4) lib/action_dispatch/middleware/cookies.rb:560:in `call'
  activerecord (4.1.4) lib/active_record/query_cache.rb:36:in `call'
  activerecord (4.1.4) lib/active_record/connection_adapters/abstract/connection_pool.rb:621:in `call'
  activerecord (4.1.4) lib/active_record/migration.rb:380:in `call'
  actionpack (4.1.4) lib/action_dispatch/middleware/callbacks.rb:29:in `block in call'
  activesupport (4.1.4) lib/active_support/callbacks.rb:82:in `run_callbacks'
  actionpack (4.1.4) lib/action_dispatch/middleware/callbacks.rb:27:in `call'
  actionpack (4.1.4) lib/action_dispatch/middleware/reloader.rb:73:in `call'
  actionpack (4.1.4) lib/action_dispatch/middleware/remote_ip.rb:76:in `call'
  better_errors (2.1.1) lib/better_errors/middleware.rb:84:in `protected_app_call'
  better_errors (2.1.1) lib/better_errors/middleware.rb:79:in `better_errors_call'
  better_errors (2.1.1) lib/better_errors/middleware.rb:57:in `call'
  actionpack (4.1.4) lib/action_dispatch/middleware/debug_exceptions.rb:17:in `call'
  actionpack (4.1.4) lib/action_dispatch/middleware/show_exceptions.rb:30:in `call'
  railties (4.1.4) lib/rails/rack/logger.rb:38:in `call_app'
  railties (4.1.4) lib/rails/rack/logger.rb:20:in `block in call'
  activesupport (4.1.4) lib/active_support/tagged_logging.rb:68:in `block in tagged'
  activesupport (4.1.4) lib/active_support/tagged_logging.rb:26:in `tagged'
  activesupport (4.1.4) lib/active_support/tagged_logging.rb:68:in `tagged'
  railties (4.1.4) lib/rails/rack/logger.rb:20:in `call'
  actionpack (4.1.4) lib/action_dispatch/middleware/request_id.rb:21:in `call'
  rack (1.5.3) lib/rack/methodoverride.rb:21:in `call'
  rack (1.5.3) lib/rack/runtime.rb:17:in `call'
  activesupport (4.1.4) lib/active_support/cache/strategy/local_cache_middleware.rb:26:in `call'
  rack (1.5.3) lib/rack/lock.rb:17:in `call'
  actionpack (4.1.4) lib/action_dispatch/middleware/static.rb:64:in `call'
  rack (1.5.3) lib/rack/sendfile.rb:112:in `call'
  railties (4.1.4) lib/rails/engine.rb:514:in `call'
  railties (4.1.4) lib/rails/application.rb:144:in `call'
  rack (1.5.3) lib/rack/lock.rb:17:in `call'
  rack (1.5.3) lib/rack/content_length.rb:14:in `call'
  rack (1.5.3) lib/rack/handler/webrick.rb:60:in `service'
  /Users/Zack/.rbenv/versions/2.2.1/lib/ruby/2.2.0/webrick/httpserver.rb:138:in `service'
  /Users/Zack/.rbenv/versions/2.2.1/lib/ruby/2.2.0/webrick/httpserver.rb:94:in `run'
  /Users/Zack/.rbenv/versions/2.2.1/lib/ruby/2.2.0/webrick/server.rb:294:in `block in start_thread'



Started POST "/__better_errors/55ec07148ffe30cb/variables" for 127.0.0.1 at 2015-05-30 04:43:53 -0400


Started PATCH "/brands/1" for 127.0.0.1 at 2015-05-30 04:45:02 -0400
Processing by BrandsController#update as HTML
  Parameters: {"utf8"=>"✓", "authenticity_token"=>"cKewbQ18XL1Ewdp+TT1usq3p2tB9cdLPuZPI0Xzikgc=", "brand"=>{"name"=>"CC", "phone"=>"999-888-8888", "website"=>"www.counterculturecoffee.com", "email"=>"info@ccc.com", "picture"=>#<ActionDispatch::Http::UploadedFile:0x007fc7f69b2268 @tempfile=#<Tempfile:/var/folders/fy/3n48sl952_b7jsr4y6y40q600000gn/T/RackMultipart20150530-38771-126q7ae>, @original_filename="counterculture.jpeg", @content_type="image/jpeg", @headers="Content-Disposition: form-data; name=\"brand[picture]\"; filename=\"counterculture.jpeg\"\r\nContent-Type: image/jpeg\r\n">}, "commit"=>"Update Brand", "id"=>"1"}
  [1m[36mBrand Load (0.3ms)[0m  [1mSELECT  "brands".* FROM "brands"  WHERE "brands"."id" = $1 LIMIT 1[0m  [["id", 1]]
  [1m[35m (0.1ms)[0m  BEGIN
  [1m[36mSQL (0.3ms)[0m  [1mUPDATE "brands" SET "picture" = $1, "updated_at" = $2 WHERE "brands"."id" = 1[0m  [["picture", "counterculture.jpeg"], ["updated_at", "2015-05-30 08:45:02.076216"]]
  [1m[35m (0.2ms)[0m  ROLLBACK
Completed 500 Internal Server Error in 2611ms

Excon::Errors::BadRequest - Expected(200) <=> Actual(400 Bad Request)
excon.error.response
  :body          => "<?xml version=\"1.0\" encoding=\"UTF-8\"?>\n<Error><Code>AuthorizationHeaderMalformed</Code><Message>The authorization header is malformed; the region 'us-east-1' is wrong; expecting 'us-west-2'</Message><Region>us-west-2</Region><RequestId>28F9EBA4EAF3B3EF</RequestId><HostId>cXTFK4DMnydjJ43tvQYzg/MJ1OIF8sp4lw7pzfCOktmKsKOrz76TXwCOc9tGuV5i8Jox0xPt+kA=</HostId></Error>"
  :headers       => {
    "Connection"       => "close"
    "Content-Type"     => "application/xml"
    "Date"             => "Sat, 30 May 2015 08:38:39 GMT"
    "Server"           => "AmazonS3"
    "x-amz-id-2"       => "cXTFK4DMnydjJ43tvQYzg/MJ1OIF8sp4lw7pzfCOktmKsKOrz76TXwCOc9tGuV5i8Jox0xPt+kA="
    "x-amz-request-id" => "28F9EBA4EAF3B3EF"
  }
  :local_address => "192.168.1.34"
  :local_port    => 59618
  :reason_phrase => "Bad Request"
  :remote_ip     => "54.231.162.114"
  :status        => 400
  :status_line   => "HTTP/1.1 400 Bad Request\r\n"
:
  excon (0.45.3) lib/excon/middlewares/expects.rb:6:in `response_call'
  excon (0.45.3) lib/excon/middlewares/response_parser.rb:8:in `response_call'
  excon (0.45.3) lib/excon/connection.rb:372:in `response'
  excon (0.45.3) lib/excon/connection.rb:236:in `request'
  excon (0.45.3) lib/excon/middlewares/idempotent.rb:26:in `error_call'
  excon (0.45.3) lib/excon/middlewares/base.rb:10:in `error_call'
  excon (0.45.3) lib/excon/middlewares/base.rb:10:in `error_call'
  excon (0.45.3) lib/excon/connection.rb:256:in `rescue in request'
  excon (0.45.3) lib/excon/connection.rb:204:in `request'
  excon (0.45.3) lib/excon/middlewares/idempotent.rb:26:in `error_call'
  excon (0.45.3) lib/excon/middlewares/base.rb:10:in `error_call'
  excon (0.45.3) lib/excon/middlewares/base.rb:10:in `error_call'
  excon (0.45.3) lib/excon/connection.rb:256:in `rescue in request'
  excon (0.45.3) lib/excon/connection.rb:204:in `request'
  excon (0.45.3) lib/excon/middlewares/idempotent.rb:26:in `error_call'
  excon (0.45.3) lib/excon/middlewares/base.rb:10:in `error_call'
  excon (0.45.3) lib/excon/middlewares/base.rb:10:in `error_call'
  excon (0.45.3) lib/excon/connection.rb:256:in `rescue in request'
  excon (0.45.3) lib/excon/connection.rb:204:in `request'
  fog-core (1.30.0) lib/fog/core/connection.rb:81:in `request'
  fog-xml (0.1.2) lib/fog/xml/connection.rb:9:in `request'
  fog-aws (0.3.0) lib/fog/aws/storage.rb:596:in `_request'
  fog-aws (0.3.0) lib/fog/aws/storage.rb:591:in `request'
  fog-aws (0.3.0) lib/fog/aws/requests/storage/put_object.rb:43:in `put_object'
  fog-aws (0.3.0) lib/fog/aws/models/storage/file.rb:212:in `save'
  fog-core (1.30.0) lib/fog/core/collection.rb:51:in `create'
  /Users/Zack/.bundler/ruby/2.2.0/carrierwave-a1b96d05d021/lib/carrierwave/storage/fog.rb:310:in `store'
  /Users/Zack/.bundler/ruby/2.2.0/carrierwave-a1b96d05d021/lib/carrierwave/storage/fog.rb:78:in `store!'
  /Users/Zack/.bundler/ruby/2.2.0/carrierwave-a1b96d05d021/lib/carrierwave/uploader/store.rb:59:in `block in store!'
  /Users/Zack/.bundler/ruby/2.2.0/carrierwave-a1b96d05d021/lib/carrierwave/uploader/callbacks.rb:17:in `with_callbacks'
  /Users/Zack/.bundler/ruby/2.2.0/carrierwave-a1b96d05d021/lib/carrierwave/uploader/store.rb:58:in `store!'
  /Users/Zack/.bundler/ruby/2.2.0/carrierwave-a1b96d05d021/lib/carrierwave/mounter.rb:99:in `store!'
  /Users/Zack/.bundler/ruby/2.2.0/carrierwave-a1b96d05d021/lib/carrierwave/mount.rb:387:in `store_picture!'
  activesupport (4.1.4) lib/active_support/callbacks.rb:424:in `block in make_lambda'
  activesupport (4.1.4) lib/active_support/callbacks.rb:221:in `block in halting_and_conditional'
  activesupport (4.1.4) lib/active_support/callbacks.rb:215:in `block in halting_and_conditional'
  activesupport (4.1.4) lib/active_support/callbacks.rb:86:in `run_callbacks'
  activerecord (4.1.4) lib/active_record/callbacks.rb:302:in `create_or_update'
  activerecord (4.1.4) lib/active_record/persistence.rb:103:in `save'
  activerecord (4.1.4) lib/active_record/validations.rb:51:in `save'
  activerecord (4.1.4) lib/active_record/attribute_methods/dirty.rb:21:in `save'
  activerecord (4.1.4) lib/active_record/transactions.rb:268:in `block (2 levels) in save'
  activerecord (4.1.4) lib/active_record/transactions.rb:329:in `block in with_transaction_returning_status'
  activerecord (4.1.4) lib/active_record/connection_adapters/abstract/database_statements.rb:199:in `transaction'
  activerecord (4.1.4) lib/active_record/transactions.rb:208:in `transaction'
  activerecord (4.1.4) lib/active_record/transactions.rb:326:in `with_transaction_returning_status'
  activerecord (4.1.4) lib/active_record/transactions.rb:268:in `block in save'
  activerecord (4.1.4) lib/active_record/transactions.rb:283:in `rollback_active_record_state!'
  activerecord (4.1.4) lib/active_record/transactions.rb:267:in `save'
  activerecord (4.1.4) lib/active_record/persistence.rb:232:in `block in update'
  activerecord (4.1.4) lib/active_record/transactions.rb:329:in `block in with_transaction_returning_status'
  activerecord (4.1.4) lib/active_record/connection_adapters/abstract/database_statements.rb:201:in `block in transaction'
  activerecord (4.1.4) lib/active_record/connection_adapters/abstract/database_statements.rb:209:in `within_new_transaction'
  activerecord (4.1.4) lib/active_record/connection_adapters/abstract/database_statements.rb:201:in `transaction'
  activerecord (4.1.4) lib/active_record/transactions.rb:208:in `transaction'
  activerecord (4.1.4) lib/active_record/transactions.rb:326:in `with_transaction_returning_status'
  activerecord (4.1.4) lib/active_record/persistence.rb:230:in `update'
  inherited_resources (1.6.0) lib/inherited_resources/base_helpers.rb:85:in `update_resource'
  inherited_resources (1.6.0) lib/inherited_resources/actions.rb:45:in `update'
  actionpack (4.1.4) lib/action_controller/metal/implicit_render.rb:4:in `send_action'
  actionpack (4.1.4) lib/abstract_controller/base.rb:189:in `process_action'
  actionpack (4.1.4) lib/action_controller/metal/rendering.rb:10:in `process_action'
  actionpack (4.1.4) lib/abstract_controller/callbacks.rb:20:in `block in process_action'
  activesupport (4.1.4) lib/active_support/callbacks.rb:113:in `call'
  activesupport (4.1.4) lib/active_support/callbacks.rb:149:in `block in halting_and_conditional'
  activesupport (4.1.4) lib/active_support/callbacks.rb:229:in `block in halting'
  activesupport (4.1.4) lib/active_support/callbacks.rb:229:in `block in halting'
  activesupport (4.1.4) lib/active_support/callbacks.rb:166:in `block in halting'
  activesupport (4.1.4) lib/active_support/callbacks.rb:166:in `block in halting'
  activesupport (4.1.4) lib/active_support/callbacks.rb:166:in `block in halting'
  activesupport (4.1.4) lib/active_support/callbacks.rb:166:in `block in halting'
  activesupport (4.1.4) lib/active_support/callbacks.rb:86:in `run_callbacks'
  actionpack (4.1.4) lib/abstract_controller/callbacks.rb:19:in `process_action'
  actionpack (4.1.4) lib/action_controller/metal/rescue.rb:29:in `process_action'
  actionpack (4.1.4) lib/action_controller/metal/instrumentation.rb:31:in `block in process_action'
  activesupport (4.1.4) lib/active_support/notifications.rb:159:in `block in instrument'
  activesupport (4.1.4) lib/active_support/notifications/instrumenter.rb:20:in `instrument'
  activesupport (4.1.4) lib/active_support/notifications.rb:159:in `instrument'
  actionpack (4.1.4) lib/action_controller/metal/instrumentation.rb:30:in `process_action'
  actionpack (4.1.4) lib/action_controller/metal/params_wrapper.rb:250:in `process_action'
  activerecord (4.1.4) lib/active_record/railties/controller_runtime.rb:18:in `process_action'
  actionpack (4.1.4) lib/abstract_controller/base.rb:136:in `process'
  actionview (4.1.4) lib/action_view/rendering.rb:30:in `process'
  actionpack (4.1.4) lib/action_controller/metal.rb:196:in `dispatch'
  actionpack (4.1.4) lib/action_controller/metal/rack_delegation.rb:13:in `dispatch'
  actionpack (4.1.4) lib/action_controller/metal.rb:232:in `block in action'
  actionpack (4.1.4) lib/action_dispatch/routing/route_set.rb:82:in `dispatch'
  actionpack (4.1.4) lib/action_dispatch/routing/route_set.rb:50:in `call'
  actionpack (4.1.4) lib/action_dispatch/journey/router.rb:71:in `block in call'
  actionpack (4.1.4) lib/action_dispatch/journey/router.rb:59:in `call'
  actionpack (4.1.4) lib/action_dispatch/routing/route_set.rb:678:in `call'
  warden (1.2.3) lib/warden/manager.rb:35:in `block in call'
  warden (1.2.3) lib/warden/manager.rb:34:in `call'
  rack (1.5.3) lib/rack/etag.rb:23:in `call'
  rack (1.5.3) lib/rack/conditionalget.rb:35:in `call'
  rack (1.5.3) lib/rack/head.rb:11:in `call'
  actionpack (4.1.4) lib/action_dispatch/middleware/params_parser.rb:27:in `call'
  actionpack (4.1.4) lib/action_dispatch/middleware/flash.rb:254:in `call'
  rack (1.5.3) lib/rack/session/abstract/id.rb:225:in `context'
  rack (1.5.3) lib/rack/session/abstract/id.rb:220:in `call'
  actionpack (4.1.4) lib/action_dispatch/middleware/cookies.rb:560:in `call'
  activerecord (4.1.4) lib/active_record/query_cache.rb:36:in `call'
  activerecord (4.1.4) lib/active_record/connection_adapters/abstract/connection_pool.rb:621:in `call'
  activerecord (4.1.4) lib/active_record/migration.rb:380:in `call'
  actionpack (4.1.4) lib/action_dispatch/middleware/callbacks.rb:29:in `block in call'
  activesupport (4.1.4) lib/active_support/callbacks.rb:82:in `run_callbacks'
  actionpack (4.1.4) lib/action_dispatch/middleware/callbacks.rb:27:in `call'
  actionpack (4.1.4) lib/action_dispatch/middleware/reloader.rb:73:in `call'
  actionpack (4.1.4) lib/action_dispatch/middleware/remote_ip.rb:76:in `call'
  better_errors (2.1.1) lib/better_errors/middleware.rb:84:in `protected_app_call'
  better_errors (2.1.1) lib/better_errors/middleware.rb:79:in `better_errors_call'
  better_errors (2.1.1) lib/better_errors/middleware.rb:57:in `call'
  actionpack (4.1.4) lib/action_dispatch/middleware/debug_exceptions.rb:17:in `call'
  actionpack (4.1.4) lib/action_dispatch/middleware/show_exceptions.rb:30:in `call'
  railties (4.1.4) lib/rails/rack/logger.rb:38:in `call_app'
  railties (4.1.4) lib/rails/rack/logger.rb:20:in `block in call'
  activesupport (4.1.4) lib/active_support/tagged_logging.rb:68:in `block in tagged'
  activesupport (4.1.4) lib/active_support/tagged_logging.rb:26:in `tagged'
  activesupport (4.1.4) lib/active_support/tagged_logging.rb:68:in `tagged'
  railties (4.1.4) lib/rails/rack/logger.rb:20:in `call'
  actionpack (4.1.4) lib/action_dispatch/middleware/request_id.rb:21:in `call'
  rack (1.5.3) lib/rack/methodoverride.rb:21:in `call'
  rack (1.5.3) lib/rack/runtime.rb:17:in `call'
  activesupport (4.1.4) lib/active_support/cache/strategy/local_cache_middleware.rb:26:in `call'
  rack (1.5.3) lib/rack/lock.rb:17:in `call'
  actionpack (4.1.4) lib/action_dispatch/middleware/static.rb:64:in `call'
  rack (1.5.3) lib/rack/sendfile.rb:112:in `call'
  railties (4.1.4) lib/rails/engine.rb:514:in `call'
  railties (4.1.4) lib/rails/application.rb:144:in `call'
  rack (1.5.3) lib/rack/lock.rb:17:in `call'
  rack (1.5.3) lib/rack/content_length.rb:14:in `call'
  rack (1.5.3) lib/rack/handler/webrick.rb:60:in `service'
  /Users/Zack/.rbenv/versions/2.2.1/lib/ruby/2.2.0/webrick/httpserver.rb:138:in `service'
  /Users/Zack/.rbenv/versions/2.2.1/lib/ruby/2.2.0/webrick/httpserver.rb:94:in `run'
  /Users/Zack/.rbenv/versions/2.2.1/lib/ruby/2.2.0/webrick/server.rb:294:in `block in start_thread'



Started POST "/__better_errors/a3be175953ff8e2f/variables" for 127.0.0.1 at 2015-05-30 04:45:04 -0400


Started GET "/brands/1/edit" for 127.0.0.1 at 2015-05-30 04:45:17 -0400
  [1m[36mActiveRecord::SchemaMigration Load (0.5ms)[0m  [1mSELECT "schema_migrations".* FROM "schema_migrations"[0m
Processing by BrandsController#edit as HTML
  Parameters: {"id"=>"1"}
  [1m[35mBrand Load (0.4ms)[0m  SELECT  "brands".* FROM "brands"  WHERE "brands"."id" = $1 LIMIT 1  [["id", 1]]
  Rendered brands/_form.html.erb (61.4ms)
  Rendered brands/edit.html.erb within layouts/application (68.6ms)
  Rendered elements/_bootstrap.html.erb (0.3ms)
  [1m[36mUser Load (0.9ms)[0m  [1mSELECT  "users".* FROM "users"  WHERE "users"."id" = 1  ORDER BY "users"."id" ASC LIMIT 1[0m
  Rendered elements/_navbar.html.erb (18.1ms)
  Rendered elements/_header.html.erb (19.4ms)
  Rendered elements/_footer.html.erb (0.3ms)
Completed 200 OK in 620ms (Views: 600.7ms | ActiveRecord: 5.4ms)


Started GET "/assets/bootstrap_configuration.css?body=1" for 127.0.0.1 at 2015-05-30 04:45:17 -0400


Started GET "/assets/brands.css?body=1" for 127.0.0.1 at 2015-05-30 04:45:17 -0400


Started GET "/assets/pages.css?body=1" for 127.0.0.1 at 2015-05-30 04:45:17 -0400


Started GET "/assets/scaffolds.css?body=1" for 127.0.0.1 at 2015-05-30 04:45:17 -0400


Started GET "/assets/roasts.css?body=1" for 127.0.0.1 at 2015-05-30 04:45:17 -0400


Started GET "/assets/brews.css?body=1" for 127.0.0.1 at 2015-05-30 04:45:17 -0400


Started GET "/assets/application.css?body=1" for 127.0.0.1 at 2015-05-30 04:45:17 -0400


Started GET "/assets/jquery.js?body=1" for 127.0.0.1 at 2015-05-30 04:45:17 -0400


Started GET "/assets/jquery_ujs.js?body=1" for 127.0.0.1 at 2015-05-30 04:45:17 -0400


Started GET "/assets/turbolinks.js?body=1" for 127.0.0.1 at 2015-05-30 04:45:17 -0400


Started GET "/assets/jquery-ui/core.js?body=1" for 127.0.0.1 at 2015-05-30 04:45:17 -0400


Started GET "/assets/jquery-ui/datepicker.js?body=1" for 127.0.0.1 at 2015-05-30 04:45:17 -0400


Started GET "/assets/jquery-ui/widget.js?body=1" for 127.0.0.1 at 2015-05-30 04:45:17 -0400


Started GET "/assets/jquery-ui/button.js?body=1" for 127.0.0.1 at 2015-05-30 04:45:17 -0400


Started GET "/assets/jquery-ui/mouse.js?body=1" for 127.0.0.1 at 2015-05-30 04:45:17 -0400


Started GET "/assets/jquery-ui/draggable.js?body=1" for 127.0.0.1 at 2015-05-30 04:45:17 -0400


Started GET "/assets/jquery-ui/position.js?body=1" for 127.0.0.1 at 2015-05-30 04:45:17 -0400


Started GET "/assets/jquery-ui/resizable.js?body=1" for 127.0.0.1 at 2015-05-30 04:45:17 -0400


Started GET "/assets/jquery-ui/dialog.js?body=1" for 127.0.0.1 at 2015-05-30 04:45:17 -0400


Started GET "/assets/jquery-ui/sortable.js?body=1" for 127.0.0.1 at 2015-05-30 04:45:17 -0400


Started GET "/assets/jquery-ui/tabs.js?body=1" for 127.0.0.1 at 2015-05-30 04:45:17 -0400


Started GET "/assets/active_admin/base.js?body=1" for 127.0.0.1 at 2015-05-30 04:45:18 -0400


Started GET "/assets/active_admin/lib/batch_actions.js?body=1" for 127.0.0.1 at 2015-05-30 04:45:18 -0400


Started GET "/assets/active_admin/lib/checkbox-toggler.js?body=1" for 127.0.0.1 at 2015-05-30 04:45:18 -0400


Started GET "/assets/active_admin/lib/dropdown-menu.js?body=1" for 127.0.0.1 at 2015-05-30 04:45:18 -0400


Started GET "/assets/active_admin/lib/flash.js?body=1" for 127.0.0.1 at 2015-05-30 04:45:18 -0400


Started GET "/assets/active_admin/lib/has_many.js?body=1" for 127.0.0.1 at 2015-05-30 04:45:18 -0400


Started GET "/assets/active_admin/lib/modal_dialog.js?body=1" for 127.0.0.1 at 2015-05-30 04:45:18 -0400


Started GET "/assets/active_admin/lib/per_page.js?body=1" for 127.0.0.1 at 2015-05-30 04:45:18 -0400


Started GET "/assets/active_admin/lib/table-checkbox-toggler.js?body=1" for 127.0.0.1 at 2015-05-30 04:45:18 -0400


Started GET "/assets/active_admin/ext/jquery-ui.js?body=1" for 127.0.0.1 at 2015-05-30 04:45:18 -0400


Started GET "/assets/active_admin/ext/jquery.js?body=1" for 127.0.0.1 at 2015-05-30 04:45:18 -0400


Started GET "/assets/active_admin/application.js?body=1" for 127.0.0.1 at 2015-05-30 04:45:18 -0400


Started GET "/assets/brands.js?body=1" for 127.0.0.1 at 2015-05-30 04:45:18 -0400


Started GET "/assets/active_admin.js?body=1" for 127.0.0.1 at 2015-05-30 04:45:18 -0400


Started GET "/assets/brews.js?body=1" for 127.0.0.1 at 2015-05-30 04:45:18 -0400


Started GET "/assets/pages.js?body=1" for 127.0.0.1 at 2015-05-30 04:45:18 -0400


Started GET "/assets/roasts.js?body=1" for 127.0.0.1 at 2015-05-30 04:45:18 -0400


Started GET "/assets/application.js?body=1" for 127.0.0.1 at 2015-05-30 04:45:18 -0400


Started PATCH "/brands/1" for 127.0.0.1 at 2015-05-30 04:45:24 -0400
Processing by BrandsController#update as HTML
  Parameters: {"utf8"=>"✓", "authenticity_token"=>"cKewbQ18XL1Ewdp+TT1usq3p2tB9cdLPuZPI0Xzikgc=", "brand"=>{"name"=>"CC", "phone"=>"999-888-8888", "website"=>"www.counterculturecoffee.com", "email"=>"info@ccc.com", "picture"=>#<ActionDispatch::Http::UploadedFile:0x007ffac851c960 @tempfile=#<Tempfile:/var/folders/fy/3n48sl952_b7jsr4y6y40q600000gn/T/RackMultipart20150530-38958-vh6vbo>, @original_filename="counterculture.jpeg", @content_type="image/jpeg", @headers="Content-Disposition: form-data; name=\"brand[picture]\"; filename=\"counterculture.jpeg\"\r\nContent-Type: image/jpeg\r\n">}, "commit"=>"Update Brand", "id"=>"1"}
  [1m[35mBrand Load (0.3ms)[0m  SELECT  "brands".* FROM "brands"  WHERE "brands"."id" = $1 LIMIT 1  [["id", 1]]
  [1m[36m (0.1ms)[0m  [1mBEGIN[0m
  [1m[35mSQL (0.4ms)[0m  UPDATE "brands" SET "picture" = $1, "updated_at" = $2 WHERE "brands"."id" = 1  [["picture", "counterculture.jpeg"], ["updated_at", "2015-05-30 08:45:24.195260"]]
  [1m[36m (0.3ms)[0m  [1mROLLBACK[0m
Completed 500 Internal Server Error in 6022ms

Excon::Errors::SocketError - hostname "bruskis.bruskis.s3-us-west-2.amazonaws.com" does not match the server certificate (OpenSSL::SSL::SSLError):
  excon (0.45.3) lib/excon/errors.rb:17:in `initialize'
  excon (0.45.3) lib/excon/connection.rb:175:in `rescue in request_call'
  excon (0.45.3) lib/excon/connection.rb:101:in `request_call'
  excon (0.45.3) lib/excon/middlewares/mock.rb:47:in `request_call'
  excon (0.45.3) lib/excon/middlewares/instrumentor.rb:22:in `request_call'
  excon (0.45.3) lib/excon/middlewares/base.rb:15:in `request_call'
  excon (0.45.3) lib/excon/middlewares/base.rb:15:in `request_call'
  excon (0.45.3) lib/excon/middlewares/base.rb:15:in `request_call'
  excon (0.45.3) lib/excon/connection.rb:233:in `request'
  excon (0.45.3) lib/excon/middlewares/idempotent.rb:26:in `error_call'
  excon (0.45.3) lib/excon/middlewares/base.rb:10:in `error_call'
  excon (0.45.3) lib/excon/middlewares/base.rb:10:in `error_call'
  excon (0.45.3) lib/excon/connection.rb:256:in `rescue in request'
  excon (0.45.3) lib/excon/connection.rb:204:in `request'
  excon (0.45.3) lib/excon/middlewares/idempotent.rb:26:in `error_call'
  excon (0.45.3) lib/excon/middlewares/base.rb:10:in `error_call'
  excon (0.45.3) lib/excon/middlewares/base.rb:10:in `error_call'
  excon (0.45.3) lib/excon/connection.rb:256:in `rescue in request'
  excon (0.45.3) lib/excon/connection.rb:204:in `request'
  excon (0.45.3) lib/excon/middlewares/idempotent.rb:26:in `error_call'
  excon (0.45.3) lib/excon/middlewares/base.rb:10:in `error_call'
  excon (0.45.3) lib/excon/middlewares/base.rb:10:in `error_call'
  excon (0.45.3) lib/excon/connection.rb:256:in `rescue in request'
  excon (0.45.3) lib/excon/connection.rb:204:in `request'
  fog-core (1.30.0) lib/fog/core/connection.rb:81:in `request'
  fog-xml (0.1.2) lib/fog/xml/connection.rb:9:in `request'
  fog-aws (0.3.0) lib/fog/aws/storage.rb:596:in `_request'
  fog-aws (0.3.0) lib/fog/aws/storage.rb:591:in `request'
  fog-aws (0.3.0) lib/fog/aws/storage.rb:622:in `rescue in _request'
  fog-aws (0.3.0) lib/fog/aws/storage.rb:596:in `_request'
  fog-aws (0.3.0) lib/fog/aws/storage.rb:591:in `request'
  fog-aws (0.3.0) lib/fog/aws/requests/storage/put_object.rb:43:in `put_object'
  fog-aws (0.3.0) lib/fog/aws/models/storage/file.rb:212:in `save'
  fog-core (1.30.0) lib/fog/core/collection.rb:51:in `create'
  /Users/Zack/.bundler/ruby/2.2.0/carrierwave-a1b96d05d021/lib/carrierwave/storage/fog.rb:310:in `store'
  /Users/Zack/.bundler/ruby/2.2.0/carrierwave-a1b96d05d021/lib/carrierwave/storage/fog.rb:78:in `store!'
  /Users/Zack/.bundler/ruby/2.2.0/carrierwave-a1b96d05d021/lib/carrierwave/uploader/store.rb:59:in `block in store!'
  /Users/Zack/.bundler/ruby/2.2.0/carrierwave-a1b96d05d021/lib/carrierwave/uploader/callbacks.rb:17:in `with_callbacks'
  /Users/Zack/.bundler/ruby/2.2.0/carrierwave-a1b96d05d021/lib/carrierwave/uploader/store.rb:58:in `store!'
  /Users/Zack/.bundler/ruby/2.2.0/carrierwave-a1b96d05d021/lib/carrierwave/mounter.rb:99:in `store!'
  /Users/Zack/.bundler/ruby/2.2.0/carrierwave-a1b96d05d021/lib/carrierwave/mount.rb:387:in `store_picture!'
  activesupport (4.1.4) lib/active_support/callbacks.rb:424:in `block in make_lambda'
  activesupport (4.1.4) lib/active_support/callbacks.rb:221:in `block in halting_and_conditional'
  activesupport (4.1.4) lib/active_support/callbacks.rb:215:in `block in halting_and_conditional'
  activesupport (4.1.4) lib/active_support/callbacks.rb:86:in `run_callbacks'
  activerecord (4.1.4) lib/active_record/callbacks.rb:302:in `create_or_update'
  activerecord (4.1.4) lib/active_record/persistence.rb:103:in `save'
  activerecord (4.1.4) lib/active_record/validations.rb:51:in `save'
  activerecord (4.1.4) lib/active_record/attribute_methods/dirty.rb:21:in `save'
  activerecord (4.1.4) lib/active_record/transactions.rb:268:in `block (2 levels) in save'
  activerecord (4.1.4) lib/active_record/transactions.rb:329:in `block in with_transaction_returning_status'
  activerecord (4.1.4) lib/active_record/connection_adapters/abstract/database_statements.rb:199:in `transaction'
  activerecord (4.1.4) lib/active_record/transactions.rb:208:in `transaction'
  activerecord (4.1.4) lib/active_record/transactions.rb:326:in `with_transaction_returning_status'
  activerecord (4.1.4) lib/active_record/transactions.rb:268:in `block in save'
  activerecord (4.1.4) lib/active_record/transactions.rb:283:in `rollback_active_record_state!'
  activerecord (4.1.4) lib/active_record/transactions.rb:267:in `save'
  activerecord (4.1.4) lib/active_record/persistence.rb:232:in `block in update'
  activerecord (4.1.4) lib/active_record/transactions.rb:329:in `block in with_transaction_returning_status'
  activerecord (4.1.4) lib/active_record/connection_adapters/abstract/database_statements.rb:201:in `block in transaction'
  activerecord (4.1.4) lib/active_record/connection_adapters/abstract/database_statements.rb:209:in `within_new_transaction'
  activerecord (4.1.4) lib/active_record/connection_adapters/abstract/database_statements.rb:201:in `transaction'
  activerecord (4.1.4) lib/active_record/transactions.rb:208:in `transaction'
  activerecord (4.1.4) lib/active_record/transactions.rb:326:in `with_transaction_returning_status'
  activerecord (4.1.4) lib/active_record/persistence.rb:230:in `update'
  inherited_resources (1.6.0) lib/inherited_resources/base_helpers.rb:85:in `update_resource'
  inherited_resources (1.6.0) lib/inherited_resources/actions.rb:45:in `update'
  actionpack (4.1.4) lib/action_controller/metal/implicit_render.rb:4:in `send_action'
  actionpack (4.1.4) lib/abstract_controller/base.rb:189:in `process_action'
  actionpack (4.1.4) lib/action_controller/metal/rendering.rb:10:in `process_action'
  actionpack (4.1.4) lib/abstract_controller/callbacks.rb:20:in `block in process_action'
  activesupport (4.1.4) lib/active_support/callbacks.rb:113:in `call'
  activesupport (4.1.4) lib/active_support/callbacks.rb:149:in `block in halting_and_conditional'
  activesupport (4.1.4) lib/active_support/callbacks.rb:229:in `block in halting'
  activesupport (4.1.4) lib/active_support/callbacks.rb:229:in `block in halting'
  activesupport (4.1.4) lib/active_support/callbacks.rb:166:in `block in halting'
  activesupport (4.1.4) lib/active_support/callbacks.rb:166:in `block in halting'
  activesupport (4.1.4) lib/active_support/callbacks.rb:166:in `block in halting'
  activesupport (4.1.4) lib/active_support/callbacks.rb:166:in `block in halting'
  activesupport (4.1.4) lib/active_support/callbacks.rb:86:in `run_callbacks'
  actionpack (4.1.4) lib/abstract_controller/callbacks.rb:19:in `process_action'
  actionpack (4.1.4) lib/action_controller/metal/rescue.rb:29:in `process_action'
  actionpack (4.1.4) lib/action_controller/metal/instrumentation.rb:31:in `block in process_action'
  activesupport (4.1.4) lib/active_support/notifications.rb:159:in `block in instrument'
  activesupport (4.1.4) lib/active_support/notifications/instrumenter.rb:20:in `instrument'
  activesupport (4.1.4) lib/active_support/notifications.rb:159:in `instrument'
  actionpack (4.1.4) lib/action_controller/metal/instrumentation.rb:30:in `process_action'
  actionpack (4.1.4) lib/action_controller/metal/params_wrapper.rb:250:in `process_action'
  activerecord (4.1.4) lib/active_record/railties/controller_runtime.rb:18:in `process_action'
  actionpack (4.1.4) lib/abstract_controller/base.rb:136:in `process'
  actionview (4.1.4) lib/action_view/rendering.rb:30:in `process'
  actionpack (4.1.4) lib/action_controller/metal.rb:196:in `dispatch'
  actionpack (4.1.4) lib/action_controller/metal/rack_delegation.rb:13:in `dispatch'
  actionpack (4.1.4) lib/action_controller/metal.rb:232:in `block in action'
  actionpack (4.1.4) lib/action_dispatch/routing/route_set.rb:82:in `dispatch'
  actionpack (4.1.4) lib/action_dispatch/routing/route_set.rb:50:in `call'
  actionpack (4.1.4) lib/action_dispatch/journey/router.rb:71:in `block in call'
  actionpack (4.1.4) lib/action_dispatch/journey/router.rb:59:in `call'
  actionpack (4.1.4) lib/action_dispatch/routing/route_set.rb:678:in `call'
  warden (1.2.3) lib/warden/manager.rb:35:in `block in call'
  warden (1.2.3) lib/warden/manager.rb:34:in `call'
  rack (1.5.3) lib/rack/etag.rb:23:in `call'
  rack (1.5.3) lib/rack/conditionalget.rb:35:in `call'
  rack (1.5.3) lib/rack/head.rb:11:in `call'
  actionpack (4.1.4) lib/action_dispatch/middleware/params_parser.rb:27:in `call'
  actionpack (4.1.4) lib/action_dispatch/middleware/flash.rb:254:in `call'
  rack (1.5.3) lib/rack/session/abstract/id.rb:225:in `context'
  rack (1.5.3) lib/rack/session/abstract/id.rb:220:in `call'
  actionpack (4.1.4) lib/action_dispatch/middleware/cookies.rb:560:in `call'
  activerecord (4.1.4) lib/active_record/query_cache.rb:36:in `call'
  activerecord (4.1.4) lib/active_record/connection_adapters/abstract/connection_pool.rb:621:in `call'
  activerecord (4.1.4) lib/active_record/migration.rb:380:in `call'
  actionpack (4.1.4) lib/action_dispatch/middleware/callbacks.rb:29:in `block in call'
  activesupport (4.1.4) lib/active_support/callbacks.rb:82:in `run_callbacks'
  actionpack (4.1.4) lib/action_dispatch/middleware/callbacks.rb:27:in `call'
  actionpack (4.1.4) lib/action_dispatch/middleware/reloader.rb:73:in `call'
  actionpack (4.1.4) lib/action_dispatch/middleware/remote_ip.rb:76:in `call'
  better_errors (2.1.1) lib/better_errors/middleware.rb:84:in `protected_app_call'
  better_errors (2.1.1) lib/better_errors/middleware.rb:79:in `better_errors_call'
  better_errors (2.1.1) lib/better_errors/middleware.rb:57:in `call'
  actionpack (4.1.4) lib/action_dispatch/middleware/debug_exceptions.rb:17:in `call'
  actionpack (4.1.4) lib/action_dispatch/middleware/show_exceptions.rb:30:in `call'
  railties (4.1.4) lib/rails/rack/logger.rb:38:in `call_app'
  railties (4.1.4) lib/rails/rack/logger.rb:20:in `block in call'
  activesupport (4.1.4) lib/active_support/tagged_logging.rb:68:in `block in tagged'
  activesupport (4.1.4) lib/active_support/tagged_logging.rb:26:in `tagged'
  activesupport (4.1.4) lib/active_support/tagged_logging.rb:68:in `tagged'
  railties (4.1.4) lib/rails/rack/logger.rb:20:in `call'
  actionpack (4.1.4) lib/action_dispatch/middleware/request_id.rb:21:in `call'
  rack (1.5.3) lib/rack/methodoverride.rb:21:in `call'
  rack (1.5.3) lib/rack/runtime.rb:17:in `call'
  activesupport (4.1.4) lib/active_support/cache/strategy/local_cache_middleware.rb:26:in `call'
  rack (1.5.3) lib/rack/lock.rb:17:in `call'
  actionpack (4.1.4) lib/action_dispatch/middleware/static.rb:64:in `call'
  rack (1.5.3) lib/rack/sendfile.rb:112:in `call'
  railties (4.1.4) lib/rails/engine.rb:514:in `call'
  railties (4.1.4) lib/rails/application.rb:144:in `call'
  rack (1.5.3) lib/rack/lock.rb:17:in `call'
  rack (1.5.3) lib/rack/content_length.rb:14:in `call'
  rack (1.5.3) lib/rack/handler/webrick.rb:60:in `service'
  /Users/Zack/.rbenv/versions/2.2.1/lib/ruby/2.2.0/webrick/httpserver.rb:138:in `service'
  /Users/Zack/.rbenv/versions/2.2.1/lib/ruby/2.2.0/webrick/httpserver.rb:94:in `run'
  /Users/Zack/.rbenv/versions/2.2.1/lib/ruby/2.2.0/webrick/server.rb:294:in `block in start_thread'



Started POST "/__better_errors/34421409521bb5c9/variables" for 127.0.0.1 at 2015-05-30 04:45:30 -0400


Started GET "/brands/1/edit" for 127.0.0.1 at 2015-05-30 04:51:10 -0400
Processing by BrandsController#edit as HTML
  Parameters: {"id"=>"1"}
  [1m[35mBrand Load (0.3ms)[0m  SELECT  "brands".* FROM "brands"  WHERE "brands"."id" = $1 LIMIT 1  [["id", 1]]
  Rendered brands/_form.html.erb (10.8ms)
  Rendered brands/edit.html.erb within layouts/application (12.4ms)
  Rendered elements/_bootstrap.html.erb (0.1ms)
  [1m[36mUser Load (0.8ms)[0m  [1mSELECT  "users".* FROM "users"  WHERE "users"."id" = 1  ORDER BY "users"."id" ASC LIMIT 1[0m
  Rendered elements/_navbar.html.erb (3.5ms)
  Rendered elements/_header.html.erb (5.9ms)
  Rendered elements/_footer.html.erb (0.1ms)
Completed 200 OK in 258ms (Views: 254.5ms | ActiveRecord: 1.0ms)


Started GET "/assets/bootstrap_configuration.css?body=1" for 127.0.0.1 at 2015-05-30 04:51:11 -0400


Started GET "/assets/brews.css?body=1" for 127.0.0.1 at 2015-05-30 04:51:11 -0400


Started GET "/assets/brands.css?body=1" for 127.0.0.1 at 2015-05-30 04:51:11 -0400


Started GET "/assets/roasts.css?body=1" for 127.0.0.1 at 2015-05-30 04:51:11 -0400


Started GET "/assets/scaffolds.css?body=1" for 127.0.0.1 at 2015-05-30 04:51:11 -0400


Started GET "/assets/pages.css?body=1" for 127.0.0.1 at 2015-05-30 04:51:11 -0400


Started GET "/assets/application.css?body=1" for 127.0.0.1 at 2015-05-30 04:51:11 -0400


Started GET "/assets/jquery.js?body=1" for 127.0.0.1 at 2015-05-30 04:51:11 -0400


Started GET "/assets/jquery_ujs.js?body=1" for 127.0.0.1 at 2015-05-30 04:51:11 -0400


Started GET "/assets/turbolinks.js?body=1" for 127.0.0.1 at 2015-05-30 04:51:11 -0400


Started GET "/assets/jquery-ui/core.js?body=1" for 127.0.0.1 at 2015-05-30 04:51:11 -0400


Started GET "/assets/jquery-ui/datepicker.js?body=1" for 127.0.0.1 at 2015-05-30 04:51:11 -0400


Started GET "/assets/jquery-ui/widget.js?body=1" for 127.0.0.1 at 2015-05-30 04:51:11 -0400


Started GET "/assets/jquery-ui/button.js?body=1" for 127.0.0.1 at 2015-05-30 04:51:11 -0400


Started GET "/assets/jquery-ui/mouse.js?body=1" for 127.0.0.1 at 2015-05-30 04:51:11 -0400


Started GET "/assets/jquery-ui/draggable.js?body=1" for 127.0.0.1 at 2015-05-30 04:51:11 -0400


Started GET "/assets/jquery-ui/position.js?body=1" for 127.0.0.1 at 2015-05-30 04:51:11 -0400


Started GET "/assets/jquery-ui/resizable.js?body=1" for 127.0.0.1 at 2015-05-30 04:51:11 -0400


Started GET "/assets/jquery-ui/dialog.js?body=1" for 127.0.0.1 at 2015-05-30 04:51:11 -0400


Started GET "/assets/jquery-ui/sortable.js?body=1" for 127.0.0.1 at 2015-05-30 04:51:11 -0400


Started GET "/assets/jquery-ui/tabs.js?body=1" for 127.0.0.1 at 2015-05-30 04:51:11 -0400


Started GET "/assets/active_admin/base.js?body=1" for 127.0.0.1 at 2015-05-30 04:51:11 -0400


Started GET "/assets/active_admin/lib/batch_actions.js?body=1" for 127.0.0.1 at 2015-05-30 04:51:11 -0400


Started GET "/assets/active_admin/lib/checkbox-toggler.js?body=1" for 127.0.0.1 at 2015-05-30 04:51:11 -0400


Started GET "/assets/active_admin/lib/dropdown-menu.js?body=1" for 127.0.0.1 at 2015-05-30 04:51:11 -0400


Started GET "/assets/active_admin/lib/flash.js?body=1" for 127.0.0.1 at 2015-05-30 04:51:11 -0400


Started GET "/assets/active_admin/lib/has_many.js?body=1" for 127.0.0.1 at 2015-05-30 04:51:11 -0400


Started GET "/assets/active_admin/lib/modal_dialog.js?body=1" for 127.0.0.1 at 2015-05-30 04:51:11 -0400


Started GET "/assets/active_admin/lib/per_page.js?body=1" for 127.0.0.1 at 2015-05-30 04:51:11 -0400


Started GET "/assets/active_admin/lib/table-checkbox-toggler.js?body=1" for 127.0.0.1 at 2015-05-30 04:51:11 -0400


Started GET "/assets/active_admin/ext/jquery-ui.js?body=1" for 127.0.0.1 at 2015-05-30 04:51:11 -0400


Started GET "/assets/active_admin/ext/jquery.js?body=1" for 127.0.0.1 at 2015-05-30 04:51:11 -0400


Started GET "/assets/active_admin/application.js?body=1" for 127.0.0.1 at 2015-05-30 04:51:11 -0400


Started GET "/assets/active_admin.js?body=1" for 127.0.0.1 at 2015-05-30 04:51:11 -0400


Started GET "/assets/brands.js?body=1" for 127.0.0.1 at 2015-05-30 04:51:11 -0400


Started GET "/assets/brews.js?body=1" for 127.0.0.1 at 2015-05-30 04:51:11 -0400


Started GET "/assets/pages.js?body=1" for 127.0.0.1 at 2015-05-30 04:51:11 -0400


Started GET "/assets/roasts.js?body=1" for 127.0.0.1 at 2015-05-30 04:51:11 -0400


Started GET "/assets/application.js?body=1" for 127.0.0.1 at 2015-05-30 04:51:11 -0400


Started PATCH "/brands/1" for 127.0.0.1 at 2015-05-30 04:51:20 -0400
Processing by BrandsController#update as HTML
  Parameters: {"utf8"=>"✓", "authenticity_token"=>"cKewbQ18XL1Ewdp+TT1usq3p2tB9cdLPuZPI0Xzikgc=", "brand"=>{"name"=>"CC", "phone"=>"999-888-8888", "website"=>"www.counterculturecoffee.com", "email"=>"info@ccc.com", "picture"=>#<ActionDispatch::Http::UploadedFile:0x007ffac12df730 @tempfile=#<Tempfile:/var/folders/fy/3n48sl952_b7jsr4y6y40q600000gn/T/RackMultipart20150530-38958-1c2qx1u>, @original_filename="counterculture.jpeg", @content_type="image/jpeg", @headers="Content-Disposition: form-data; name=\"brand[picture]\"; filename=\"counterculture.jpeg\"\r\nContent-Type: image/jpeg\r\n">}, "commit"=>"Update Brand", "id"=>"1"}
  [1m[35mBrand Load (0.3ms)[0m  SELECT  "brands".* FROM "brands"  WHERE "brands"."id" = $1 LIMIT 1  [["id", 1]]
  [1m[36m (0.1ms)[0m  [1mBEGIN[0m
  [1m[35mSQL (0.3ms)[0m  UPDATE "brands" SET "picture" = $1, "updated_at" = $2 WHERE "brands"."id" = 1  [["picture", "counterculture.jpeg"], ["updated_at", "2015-05-30 08:51:20.874295"]]
  [1m[36m (0.2ms)[0m  [1mROLLBACK[0m
Completed 500 Internal Server Error in 3422ms

Excon::Errors::BadRequest - Expected(200) <=> Actual(400 Bad Request)
excon.error.response
  :body          => "<?xml version=\"1.0\" encoding=\"UTF-8\"?>\n<Error><Code>AuthorizationHeaderMalformed</Code><Message>The authorization header is malformed; the region 'us-west-2' is wrong; expecting 'eu-west-1'</Message><Region>eu-west-1</Region><RequestId>5DE3F1B470662E54</RequestId><HostId>s3yBgylWkrAekUgd1N398E8JeACUezUO1oiBZ+d9Dxr6c7ezNiLziGGzWHbqgcPSRVasz8xt1+8=</HostId></Error>"
  :headers       => {
    "Connection"       => "close"
    "Content-Type"     => "application/xml"
    "Date"             => "Sat, 30 May 2015 08:44:59 GMT"
    "Server"           => "AmazonS3"
    "x-amz-id-2"       => "s3yBgylWkrAekUgd1N398E8JeACUezUO1oiBZ+d9Dxr6c7ezNiLziGGzWHbqgcPSRVasz8xt1+8="
    "x-amz-request-id" => "5DE3F1B470662E54"
  }
  :local_address => "192.168.1.34"
  :local_port    => 59706
  :reason_phrase => "Bad Request"
  :remote_ip     => "54.231.140.121"
  :status        => 400
  :status_line   => "HTTP/1.1 400 Bad Request\r\n"
:
  excon (0.45.3) lib/excon/middlewares/expects.rb:6:in `response_call'
  excon (0.45.3) lib/excon/middlewares/response_parser.rb:8:in `response_call'
  excon (0.45.3) lib/excon/connection.rb:372:in `response'
  excon (0.45.3) lib/excon/connection.rb:236:in `request'
  excon (0.45.3) lib/excon/middlewares/idempotent.rb:26:in `error_call'
  excon (0.45.3) lib/excon/middlewares/base.rb:10:in `error_call'
  excon (0.45.3) lib/excon/middlewares/base.rb:10:in `error_call'
  excon (0.45.3) lib/excon/connection.rb:256:in `rescue in request'
  excon (0.45.3) lib/excon/connection.rb:204:in `request'
  excon (0.45.3) lib/excon/middlewares/idempotent.rb:26:in `error_call'
  excon (0.45.3) lib/excon/middlewares/base.rb:10:in `error_call'
  excon (0.45.3) lib/excon/middlewares/base.rb:10:in `error_call'
  excon (0.45.3) lib/excon/connection.rb:256:in `rescue in request'
  excon (0.45.3) lib/excon/connection.rb:204:in `request'
  excon (0.45.3) lib/excon/middlewares/idempotent.rb:26:in `error_call'
  excon (0.45.3) lib/excon/middlewares/base.rb:10:in `error_call'
  excon (0.45.3) lib/excon/middlewares/base.rb:10:in `error_call'
  excon (0.45.3) lib/excon/connection.rb:256:in `rescue in request'
  excon (0.45.3) lib/excon/connection.rb:204:in `request'
  fog-core (1.30.0) lib/fog/core/connection.rb:81:in `request'
  fog-xml (0.1.2) lib/fog/xml/connection.rb:9:in `request'
  fog-aws (0.3.0) lib/fog/aws/storage.rb:596:in `_request'
  fog-aws (0.3.0) lib/fog/aws/storage.rb:591:in `request'
  fog-aws (0.3.0) lib/fog/aws/requests/storage/put_object.rb:43:in `put_object'
  fog-aws (0.3.0) lib/fog/aws/models/storage/file.rb:212:in `save'
  fog-core (1.30.0) lib/fog/core/collection.rb:51:in `create'
  /Users/Zack/.bundler/ruby/2.2.0/carrierwave-a1b96d05d021/lib/carrierwave/storage/fog.rb:310:in `store'
  /Users/Zack/.bundler/ruby/2.2.0/carrierwave-a1b96d05d021/lib/carrierwave/storage/fog.rb:78:in `store!'
  /Users/Zack/.bundler/ruby/2.2.0/carrierwave-a1b96d05d021/lib/carrierwave/uploader/store.rb:59:in `block in store!'
  /Users/Zack/.bundler/ruby/2.2.0/carrierwave-a1b96d05d021/lib/carrierwave/uploader/callbacks.rb:17:in `with_callbacks'
  /Users/Zack/.bundler/ruby/2.2.0/carrierwave-a1b96d05d021/lib/carrierwave/uploader/store.rb:58:in `store!'
  /Users/Zack/.bundler/ruby/2.2.0/carrierwave-a1b96d05d021/lib/carrierwave/mounter.rb:99:in `store!'
  /Users/Zack/.bundler/ruby/2.2.0/carrierwave-a1b96d05d021/lib/carrierwave/mount.rb:387:in `store_picture!'
  activesupport (4.1.4) lib/active_support/callbacks.rb:424:in `block in make_lambda'
  activesupport (4.1.4) lib/active_support/callbacks.rb:221:in `block in halting_and_conditional'
  activesupport (4.1.4) lib/active_support/callbacks.rb:215:in `block in halting_and_conditional'
  activesupport (4.1.4) lib/active_support/callbacks.rb:86:in `run_callbacks'
  activerecord (4.1.4) lib/active_record/callbacks.rb:302:in `create_or_update'
  activerecord (4.1.4) lib/active_record/persistence.rb:103:in `save'
  activerecord (4.1.4) lib/active_record/validations.rb:51:in `save'
  activerecord (4.1.4) lib/active_record/attribute_methods/dirty.rb:21:in `save'
  activerecord (4.1.4) lib/active_record/transactions.rb:268:in `block (2 levels) in save'
  activerecord (4.1.4) lib/active_record/transactions.rb:329:in `block in with_transaction_returning_status'
  activerecord (4.1.4) lib/active_record/connection_adapters/abstract/database_statements.rb:199:in `transaction'
  activerecord (4.1.4) lib/active_record/transactions.rb:208:in `transaction'
  activerecord (4.1.4) lib/active_record/transactions.rb:326:in `with_transaction_returning_status'
  activerecord (4.1.4) lib/active_record/transactions.rb:268:in `block in save'
  activerecord (4.1.4) lib/active_record/transactions.rb:283:in `rollback_active_record_state!'
  activerecord (4.1.4) lib/active_record/transactions.rb:267:in `save'
  activerecord (4.1.4) lib/active_record/persistence.rb:232:in `block in update'
  activerecord (4.1.4) lib/active_record/transactions.rb:329:in `block in with_transaction_returning_status'
  activerecord (4.1.4) lib/active_record/connection_adapters/abstract/database_statements.rb:201:in `block in transaction'
  activerecord (4.1.4) lib/active_record/connection_adapters/abstract/database_statements.rb:209:in `within_new_transaction'
  activerecord (4.1.4) lib/active_record/connection_adapters/abstract/database_statements.rb:201:in `transaction'
  activerecord (4.1.4) lib/active_record/transactions.rb:208:in `transaction'
  activerecord (4.1.4) lib/active_record/transactions.rb:326:in `with_transaction_returning_status'
  activerecord (4.1.4) lib/active_record/persistence.rb:230:in `update'
  inherited_resources (1.6.0) lib/inherited_resources/base_helpers.rb:85:in `update_resource'
  inherited_resources (1.6.0) lib/inherited_resources/actions.rb:45:in `update'
  actionpack (4.1.4) lib/action_controller/metal/implicit_render.rb:4:in `send_action'
  actionpack (4.1.4) lib/abstract_controller/base.rb:189:in `process_action'
  actionpack (4.1.4) lib/action_controller/metal/rendering.rb:10:in `process_action'
  actionpack (4.1.4) lib/abstract_controller/callbacks.rb:20:in `block in process_action'
  activesupport (4.1.4) lib/active_support/callbacks.rb:113:in `call'
  activesupport (4.1.4) lib/active_support/callbacks.rb:149:in `block in halting_and_conditional'
  activesupport (4.1.4) lib/active_support/callbacks.rb:229:in `block in halting'
  activesupport (4.1.4) lib/active_support/callbacks.rb:229:in `block in halting'
  activesupport (4.1.4) lib/active_support/callbacks.rb:166:in `block in halting'
  activesupport (4.1.4) lib/active_support/callbacks.rb:166:in `block in halting'
  activesupport (4.1.4) lib/active_support/callbacks.rb:166:in `block in halting'
  activesupport (4.1.4) lib/active_support/callbacks.rb:166:in `block in halting'
  activesupport (4.1.4) lib/active_support/callbacks.rb:86:in `run_callbacks'
  actionpack (4.1.4) lib/abstract_controller/callbacks.rb:19:in `process_action'
  actionpack (4.1.4) lib/action_controller/metal/rescue.rb:29:in `process_action'
  actionpack (4.1.4) lib/action_controller/metal/instrumentation.rb:31:in `block in process_action'
  activesupport (4.1.4) lib/active_support/notifications.rb:159:in `block in instrument'
  activesupport (4.1.4) lib/active_support/notifications/instrumenter.rb:20:in `instrument'
  activesupport (4.1.4) lib/active_support/notifications.rb:159:in `instrument'
  actionpack (4.1.4) lib/action_controller/metal/instrumentation.rb:30:in `process_action'
  actionpack (4.1.4) lib/action_controller/metal/params_wrapper.rb:250:in `process_action'
  activerecord (4.1.4) lib/active_record/railties/controller_runtime.rb:18:in `process_action'
  actionpack (4.1.4) lib/abstract_controller/base.rb:136:in `process'
  actionview (4.1.4) lib/action_view/rendering.rb:30:in `process'
  actionpack (4.1.4) lib/action_controller/metal.rb:196:in `dispatch'
  actionpack (4.1.4) lib/action_controller/metal/rack_delegation.rb:13:in `dispatch'
  actionpack (4.1.4) lib/action_controller/metal.rb:232:in `block in action'
  actionpack (4.1.4) lib/action_dispatch/routing/route_set.rb:82:in `dispatch'
  actionpack (4.1.4) lib/action_dispatch/routing/route_set.rb:50:in `call'
  actionpack (4.1.4) lib/action_dispatch/journey/router.rb:71:in `block in call'
  actionpack (4.1.4) lib/action_dispatch/journey/router.rb:59:in `call'
  actionpack (4.1.4) lib/action_dispatch/routing/route_set.rb:678:in `call'
  warden (1.2.3) lib/warden/manager.rb:35:in `block in call'
  warden (1.2.3) lib/warden/manager.rb:34:in `call'
  rack (1.5.3) lib/rack/etag.rb:23:in `call'
  rack (1.5.3) lib/rack/conditionalget.rb:35:in `call'
  rack (1.5.3) lib/rack/head.rb:11:in `call'
  actionpack (4.1.4) lib/action_dispatch/middleware/params_parser.rb:27:in `call'
  actionpack (4.1.4) lib/action_dispatch/middleware/flash.rb:254:in `call'
  rack (1.5.3) lib/rack/session/abstract/id.rb:225:in `context'
  rack (1.5.3) lib/rack/session/abstract/id.rb:220:in `call'
  actionpack (4.1.4) lib/action_dispatch/middleware/cookies.rb:560:in `call'
  activerecord (4.1.4) lib/active_record/query_cache.rb:36:in `call'
  activerecord (4.1.4) lib/active_record/connection_adapters/abstract/connection_pool.rb:621:in `call'
  activerecord (4.1.4) lib/active_record/migration.rb:380:in `call'
  actionpack (4.1.4) lib/action_dispatch/middleware/callbacks.rb:29:in `block in call'
  activesupport (4.1.4) lib/active_support/callbacks.rb:82:in `run_callbacks'
  actionpack (4.1.4) lib/action_dispatch/middleware/callbacks.rb:27:in `call'
  actionpack (4.1.4) lib/action_dispatch/middleware/reloader.rb:73:in `call'
  actionpack (4.1.4) lib/action_dispatch/middleware/remote_ip.rb:76:in `call'
  better_errors (2.1.1) lib/better_errors/middleware.rb:84:in `protected_app_call'
  better_errors (2.1.1) lib/better_errors/middleware.rb:79:in `better_errors_call'
  better_errors (2.1.1) lib/better_errors/middleware.rb:57:in `call'
  actionpack (4.1.4) lib/action_dispatch/middleware/debug_exceptions.rb:17:in `call'
  actionpack (4.1.4) lib/action_dispatch/middleware/show_exceptions.rb:30:in `call'
  railties (4.1.4) lib/rails/rack/logger.rb:38:in `call_app'
  railties (4.1.4) lib/rails/rack/logger.rb:20:in `block in call'
  activesupport (4.1.4) lib/active_support/tagged_logging.rb:68:in `block in tagged'
  activesupport (4.1.4) lib/active_support/tagged_logging.rb:26:in `tagged'
  activesupport (4.1.4) lib/active_support/tagged_logging.rb:68:in `tagged'
  railties (4.1.4) lib/rails/rack/logger.rb:20:in `call'
  actionpack (4.1.4) lib/action_dispatch/middleware/request_id.rb:21:in `call'
  rack (1.5.3) lib/rack/methodoverride.rb:21:in `call'
  rack (1.5.3) lib/rack/runtime.rb:17:in `call'
  activesupport (4.1.4) lib/active_support/cache/strategy/local_cache_middleware.rb:26:in `call'
  rack (1.5.3) lib/rack/lock.rb:17:in `call'
  actionpack (4.1.4) lib/action_dispatch/middleware/static.rb:64:in `call'
  rack (1.5.3) lib/rack/sendfile.rb:112:in `call'
  railties (4.1.4) lib/rails/engine.rb:514:in `call'
  railties (4.1.4) lib/rails/application.rb:144:in `call'
  rack (1.5.3) lib/rack/lock.rb:17:in `call'
  rack (1.5.3) lib/rack/content_length.rb:14:in `call'
  rack (1.5.3) lib/rack/handler/webrick.rb:60:in `service'
  /Users/Zack/.rbenv/versions/2.2.1/lib/ruby/2.2.0/webrick/httpserver.rb:138:in `service'
  /Users/Zack/.rbenv/versions/2.2.1/lib/ruby/2.2.0/webrick/httpserver.rb:94:in `run'
  /Users/Zack/.rbenv/versions/2.2.1/lib/ruby/2.2.0/webrick/server.rb:294:in `block in start_thread'



Started POST "/__better_errors/4daa0f6d9cf2e48b/variables" for 127.0.0.1 at 2015-05-30 04:51:24 -0400


Started GET "/" for 127.0.0.1 at 2015-05-30 04:51:36 -0400
  [1m[36mActiveRecord::SchemaMigration Load (0.5ms)[0m  [1mSELECT "schema_migrations".* FROM "schema_migrations"[0m
Processing by BrandsController#index as HTML
  [1m[35mBrand Load (0.9ms)[0m  SELECT "brands".* FROM "brands"
  [1m[36mUser Load (0.8ms)[0m  [1mSELECT  "users".* FROM "users"  WHERE "users"."id" = 1  ORDER BY "users"."id" ASC LIMIT 1[0m
  Rendered brands/index.html.erb within layouts/application (30.6ms)
  Rendered elements/_bootstrap.html.erb (0.4ms)
  Rendered elements/_navbar.html.erb (3.1ms)
  Rendered elements/_header.html.erb (4.8ms)
  Rendered elements/_footer.html.erb (0.2ms)
Completed 200 OK in 534ms (Views: 516.3ms | ActiveRecord: 6.6ms)


Started GET "/assets/bootstrap_configuration.css?body=1" for 127.0.0.1 at 2015-05-30 04:51:37 -0400


Started GET "/assets/brews.css?body=1" for 127.0.0.1 at 2015-05-30 04:51:37 -0400


Started GET "/assets/roasts.css?body=1" for 127.0.0.1 at 2015-05-30 04:51:37 -0400


Started GET "/assets/scaffolds.css?body=1" for 127.0.0.1 at 2015-05-30 04:51:37 -0400


Started GET "/assets/brands.css?body=1" for 127.0.0.1 at 2015-05-30 04:51:37 -0400


Started GET "/assets/pages.css?body=1" for 127.0.0.1 at 2015-05-30 04:51:37 -0400


Started GET "/assets/application.css?body=1" for 127.0.0.1 at 2015-05-30 04:51:37 -0400


Started GET "/assets/jquery.js?body=1" for 127.0.0.1 at 2015-05-30 04:51:37 -0400


Started GET "/assets/jquery_ujs.js?body=1" for 127.0.0.1 at 2015-05-30 04:51:37 -0400


Started GET "/assets/turbolinks.js?body=1" for 127.0.0.1 at 2015-05-30 04:51:37 -0400


Started GET "/assets/jquery-ui/core.js?body=1" for 127.0.0.1 at 2015-05-30 04:51:37 -0400


Started GET "/assets/jquery-ui/datepicker.js?body=1" for 127.0.0.1 at 2015-05-30 04:51:37 -0400


Started GET "/assets/jquery-ui/widget.js?body=1" for 127.0.0.1 at 2015-05-30 04:51:37 -0400


Started GET "/assets/jquery-ui/button.js?body=1" for 127.0.0.1 at 2015-05-30 04:51:37 -0400


Started GET "/assets/jquery-ui/mouse.js?body=1" for 127.0.0.1 at 2015-05-30 04:51:37 -0400


Started GET "/assets/jquery-ui/draggable.js?body=1" for 127.0.0.1 at 2015-05-30 04:51:37 -0400


Started GET "/assets/jquery-ui/position.js?body=1" for 127.0.0.1 at 2015-05-30 04:51:37 -0400


Started GET "/assets/jquery-ui/resizable.js?body=1" for 127.0.0.1 at 2015-05-30 04:51:37 -0400


Started GET "/assets/jquery-ui/dialog.js?body=1" for 127.0.0.1 at 2015-05-30 04:51:37 -0400


Started GET "/assets/jquery-ui/sortable.js?body=1" for 127.0.0.1 at 2015-05-30 04:51:37 -0400


Started GET "/assets/jquery-ui/tabs.js?body=1" for 127.0.0.1 at 2015-05-30 04:51:37 -0400


Started GET "/assets/active_admin/base.js?body=1" for 127.0.0.1 at 2015-05-30 04:51:37 -0400


Started GET "/assets/active_admin/lib/batch_actions.js?body=1" for 127.0.0.1 at 2015-05-30 04:51:37 -0400


Started GET "/assets/active_admin/lib/checkbox-toggler.js?body=1" for 127.0.0.1 at 2015-05-30 04:51:37 -0400


Started GET "/assets/active_admin/lib/dropdown-menu.js?body=1" for 127.0.0.1 at 2015-05-30 04:51:37 -0400


Started GET "/assets/active_admin/lib/flash.js?body=1" for 127.0.0.1 at 2015-05-30 04:51:37 -0400


Started GET "/assets/active_admin/lib/has_many.js?body=1" for 127.0.0.1 at 2015-05-30 04:51:37 -0400


Started GET "/assets/active_admin/lib/modal_dialog.js?body=1" for 127.0.0.1 at 2015-05-30 04:51:37 -0400


Started GET "/assets/active_admin/lib/per_page.js?body=1" for 127.0.0.1 at 2015-05-30 04:51:37 -0400


Started GET "/assets/active_admin/lib/table-checkbox-toggler.js?body=1" for 127.0.0.1 at 2015-05-30 04:51:37 -0400


Started GET "/assets/active_admin/ext/jquery-ui.js?body=1" for 127.0.0.1 at 2015-05-30 04:51:37 -0400


Started GET "/assets/active_admin/ext/jquery.js?body=1" for 127.0.0.1 at 2015-05-30 04:51:37 -0400


Started GET "/assets/active_admin/application.js?body=1" for 127.0.0.1 at 2015-05-30 04:51:37 -0400


Started GET "/assets/active_admin.js?body=1" for 127.0.0.1 at 2015-05-30 04:51:37 -0400


Started GET "/assets/brands.js?body=1" for 127.0.0.1 at 2015-05-30 04:51:37 -0400


Started GET "/assets/brews.js?body=1" for 127.0.0.1 at 2015-05-30 04:51:37 -0400


Started GET "/assets/pages.js?body=1" for 127.0.0.1 at 2015-05-30 04:51:37 -0400


Started GET "/assets/roasts.js?body=1" for 127.0.0.1 at 2015-05-30 04:51:37 -0400


Started GET "/assets/application.js?body=1" for 127.0.0.1 at 2015-05-30 04:51:37 -0400


Started GET "/brands/new" for 127.0.0.1 at 2015-05-30 04:51:40 -0400
Processing by BrandsController#new as HTML
  Rendered brands/_form.html.erb (57.5ms)
  Rendered brands/new.html.erb within layouts/application (59.5ms)
  Rendered elements/_bootstrap.html.erb (0.0ms)
  [1m[35mUser Load (0.4ms)[0m  SELECT  "users".* FROM "users"  WHERE "users"."id" = 1  ORDER BY "users"."id" ASC LIMIT 1
  Rendered elements/_navbar.html.erb (1.9ms)
  Rendered elements/_header.html.erb (2.8ms)
  Rendered elements/_footer.html.erb (0.0ms)
Completed 200 OK in 253ms (Views: 250.8ms | ActiveRecord: 0.4ms)


Started POST "/brands" for 127.0.0.1 at 2015-05-30 04:52:06 -0400
Processing by BrandsController#create as HTML
  Parameters: {"utf8"=>"✓", "authenticity_token"=>"cKewbQ18XL1Ewdp+TT1usq3p2tB9cdLPuZPI0Xzikgc=", "brand"=>{"name"=>"another", "phone"=>"888-999-9999", "website"=>"https://counterculturecoffee.com/", "email"=>"sales@counterculturecoffee.com", "picture"=>#<ActionDispatch::Http::UploadedFile:0x007f8f75f9a4c8 @tempfile=#<Tempfile:/var/folders/fy/3n48sl952_b7jsr4y6y40q600000gn/T/RackMultipart20150530-39095-1xajt8b>, @original_filename="mocha_java.jpg", @content_type="image/jpeg", @headers="Content-Disposition: form-data; name=\"brand[picture]\"; filename=\"mocha_java.jpg\"\r\nContent-Type: image/jpeg\r\n">}, "commit"=>"Create Brand"}
  [1m[36m (0.1ms)[0m  [1mBEGIN[0m
  [1m[35mSQL (0.5ms)[0m  INSERT INTO "brands" ("created_at", "email", "name", "phone", "picture", "updated_at", "website") VALUES ($1, $2, $3, $4, $5, $6, $7) RETURNING "id"  [["created_at", "2015-05-30 08:52:06.723909"], ["email", "sales@counterculturecoffee.com"], ["name", "another"], ["phone", "888-999-9999"], ["picture", "mocha_java.jpg"], ["updated_at", "2015-05-30 08:52:06.723909"], ["website", "https://counterculturecoffee.com/"]]
  [1m[36m (1.2ms)[0m  [1mCOMMIT[0m
Redirected to http://localhost:3000/brands/3
Completed 302 Found in 8536ms (ActiveRecord: 2.1ms)


Started GET "/brands/3" for 127.0.0.1 at 2015-05-30 04:52:15 -0400
Processing by BrandsController#show as HTML
  Parameters: {"id"=>"3"}
  [1m[35mBrand Load (0.3ms)[0m  SELECT  "brands".* FROM "brands"  WHERE "brands"."id" = $1 LIMIT 1  [["id", 3]]
  [1m[36mRoast Load (0.6ms)[0m  [1mSELECT "roasts".* FROM "roasts"  WHERE "roasts"."brand_id" = $1[0m  [["brand_id", 3]]
  Rendered brands/show.html.erb within layouts/application (29.2ms)
  Rendered elements/_bootstrap.html.erb (0.0ms)
  [1m[35mUser Load (0.5ms)[0m  SELECT  "users".* FROM "users"  WHERE "users"."id" = 1  ORDER BY "users"."id" ASC LIMIT 1
  Rendered elements/_navbar.html.erb (1.9ms)
  Rendered elements/_header.html.erb (2.8ms)
  Rendered elements/_footer.html.erb (0.0ms)
Completed 200 OK in 271ms (Views: 266.4ms | ActiveRecord: 2.5ms)


Started GET "/assets/bootstrap_configuration.css?body=1" for 127.0.0.1 at 2015-05-30 04:52:15 -0400


Started GET "/assets/brews.css?body=1" for 127.0.0.1 at 2015-05-30 04:52:15 -0400


Started GET "/assets/pages.css?body=1" for 127.0.0.1 at 2015-05-30 04:52:15 -0400


Started GET "/assets/brands.css?body=1" for 127.0.0.1 at 2015-05-30 04:52:15 -0400


Started GET "/assets/roasts.css?body=1" for 127.0.0.1 at 2015-05-30 04:52:15 -0400


Started GET "/assets/scaffolds.css?body=1" for 127.0.0.1 at 2015-05-30 04:52:15 -0400


Started GET "/assets/jquery.js?body=1" for 127.0.0.1 at 2015-05-30 04:52:15 -0400


Started GET "/assets/application.css?body=1" for 127.0.0.1 at 2015-05-30 04:52:15 -0400


Started GET "/assets/jquery_ujs.js?body=1" for 127.0.0.1 at 2015-05-30 04:52:15 -0400


Started GET "/assets/turbolinks.js?body=1" for 127.0.0.1 at 2015-05-30 04:52:15 -0400


Started GET "/assets/jquery-ui/core.js?body=1" for 127.0.0.1 at 2015-05-30 04:52:15 -0400


Started GET "/assets/jquery-ui/datepicker.js?body=1" for 127.0.0.1 at 2015-05-30 04:52:15 -0400


Started GET "/assets/jquery-ui/widget.js?body=1" for 127.0.0.1 at 2015-05-30 04:52:15 -0400


Started GET "/assets/jquery-ui/button.js?body=1" for 127.0.0.1 at 2015-05-30 04:52:15 -0400


Started GET "/assets/jquery-ui/mouse.js?body=1" for 127.0.0.1 at 2015-05-30 04:52:15 -0400


Started GET "/assets/jquery-ui/draggable.js?body=1" for 127.0.0.1 at 2015-05-30 04:52:15 -0400


Started GET "/assets/jquery-ui/position.js?body=1" for 127.0.0.1 at 2015-05-30 04:52:15 -0400


Started GET "/assets/jquery-ui/resizable.js?body=1" for 127.0.0.1 at 2015-05-30 04:52:15 -0400


Started GET "/assets/jquery-ui/dialog.js?body=1" for 127.0.0.1 at 2015-05-30 04:52:15 -0400


Started GET "/assets/jquery-ui/sortable.js?body=1" for 127.0.0.1 at 2015-05-30 04:52:15 -0400


Started GET "/assets/active_admin/base.js?body=1" for 127.0.0.1 at 2015-05-30 04:52:15 -0400


Started GET "/assets/jquery-ui/tabs.js?body=1" for 127.0.0.1 at 2015-05-30 04:52:15 -0400


Started GET "/assets/active_admin/lib/batch_actions.js?body=1" for 127.0.0.1 at 2015-05-30 04:52:15 -0400


Started GET "/assets/active_admin/lib/checkbox-toggler.js?body=1" for 127.0.0.1 at 2015-05-30 04:52:15 -0400


Started GET "/assets/active_admin/lib/dropdown-menu.js?body=1" for 127.0.0.1 at 2015-05-30 04:52:15 -0400


Started GET "/assets/active_admin/lib/flash.js?body=1" for 127.0.0.1 at 2015-05-30 04:52:15 -0400


Started GET "/assets/active_admin/lib/has_many.js?body=1" for 127.0.0.1 at 2015-05-30 04:52:15 -0400


Started GET "/assets/active_admin/lib/modal_dialog.js?body=1" for 127.0.0.1 at 2015-05-30 04:52:15 -0400


Started GET "/assets/active_admin/lib/per_page.js?body=1" for 127.0.0.1 at 2015-05-30 04:52:15 -0400


Started GET "/assets/active_admin/lib/table-checkbox-toggler.js?body=1" for 127.0.0.1 at 2015-05-30 04:52:15 -0400


Started GET "/assets/active_admin/ext/jquery-ui.js?body=1" for 127.0.0.1 at 2015-05-30 04:52:15 -0400


Started GET "/assets/active_admin/ext/jquery.js?body=1" for 127.0.0.1 at 2015-05-30 04:52:15 -0400


Started GET "/assets/active_admin/application.js?body=1" for 127.0.0.1 at 2015-05-30 04:52:15 -0400


Started GET "/assets/active_admin.js?body=1" for 127.0.0.1 at 2015-05-30 04:52:15 -0400


Started GET "/assets/brands.js?body=1" for 127.0.0.1 at 2015-05-30 04:52:15 -0400


Started GET "/assets/brews.js?body=1" for 127.0.0.1 at 2015-05-30 04:52:15 -0400


Started GET "/assets/pages.js?body=1" for 127.0.0.1 at 2015-05-30 04:52:15 -0400


Started GET "/assets/roasts.js?body=1" for 127.0.0.1 at 2015-05-30 04:52:15 -0400


Started GET "/assets/application.js?body=1" for 127.0.0.1 at 2015-05-30 04:52:15 -0400


Started GET "/brands/3" for 127.0.0.1 at 2015-05-30 04:52:22 -0400
Processing by BrandsController#show as HTML
  Parameters: {"id"=>"3"}
  [1m[36mBrand Load (0.3ms)[0m  [1mSELECT  "brands".* FROM "brands"  WHERE "brands"."id" = $1 LIMIT 1[0m  [["id", 3]]
  [1m[35mRoast Load (0.3ms)[0m  SELECT "roasts".* FROM "roasts"  WHERE "roasts"."brand_id" = $1  [["brand_id", 3]]
  Rendered brands/show.html.erb within layouts/application (3.1ms)
  Rendered elements/_bootstrap.html.erb (0.0ms)
  [1m[36mUser Load (0.5ms)[0m  [1mSELECT  "users".* FROM "users"  WHERE "users"."id" = 1  ORDER BY "users"."id" ASC LIMIT 1[0m
  Rendered elements/_navbar.html.erb (2.0ms)
  Rendered elements/_header.html.erb (3.3ms)
  Rendered elements/_footer.html.erb (0.0ms)
Completed 200 OK in 205ms (Views: 201.7ms | ActiveRecord: 1.1ms)


Started GET "/assets/bootstrap_configuration.css?body=1" for 127.0.0.1 at 2015-05-30 04:52:22 -0400


Started GET "/assets/scaffolds.css?body=1" for 127.0.0.1 at 2015-05-30 04:52:22 -0400


Started GET "/assets/roasts.css?body=1" for 127.0.0.1 at 2015-05-30 04:52:22 -0400


Started GET "/assets/brands.css?body=1" for 127.0.0.1 at 2015-05-30 04:52:22 -0400


Started GET "/assets/pages.css?body=1" for 127.0.0.1 at 2015-05-30 04:52:22 -0400


Started GET "/assets/brews.css?body=1" for 127.0.0.1 at 2015-05-30 04:52:22 -0400


Started GET "/assets/application.css?body=1" for 127.0.0.1 at 2015-05-30 04:52:22 -0400


Started GET "/assets/jquery.js?body=1" for 127.0.0.1 at 2015-05-30 04:52:22 -0400


Started GET "/assets/jquery_ujs.js?body=1" for 127.0.0.1 at 2015-05-30 04:52:22 -0400


Started GET "/assets/turbolinks.js?body=1" for 127.0.0.1 at 2015-05-30 04:52:22 -0400


Started GET "/assets/jquery-ui/core.js?body=1" for 127.0.0.1 at 2015-05-30 04:52:22 -0400


Started GET "/assets/jquery-ui/datepicker.js?body=1" for 127.0.0.1 at 2015-05-30 04:52:22 -0400


Started GET "/assets/jquery-ui/widget.js?body=1" for 127.0.0.1 at 2015-05-30 04:52:22 -0400


Started GET "/assets/jquery-ui/button.js?body=1" for 127.0.0.1 at 2015-05-30 04:52:22 -0400


Started GET "/assets/jquery-ui/mouse.js?body=1" for 127.0.0.1 at 2015-05-30 04:52:22 -0400


Started GET "/assets/jquery-ui/draggable.js?body=1" for 127.0.0.1 at 2015-05-30 04:52:22 -0400


Started GET "/assets/jquery-ui/position.js?body=1" for 127.0.0.1 at 2015-05-30 04:52:22 -0400


Started GET "/assets/jquery-ui/resizable.js?body=1" for 127.0.0.1 at 2015-05-30 04:52:22 -0400


Started GET "/assets/jquery-ui/dialog.js?body=1" for 127.0.0.1 at 2015-05-30 04:52:22 -0400


Started GET "/assets/jquery-ui/sortable.js?body=1" for 127.0.0.1 at 2015-05-30 04:52:22 -0400


Started GET "/assets/jquery-ui/tabs.js?body=1" for 127.0.0.1 at 2015-05-30 04:52:22 -0400


Started GET "/assets/active_admin/base.js?body=1" for 127.0.0.1 at 2015-05-30 04:52:22 -0400


Started GET "/assets/active_admin/lib/batch_actions.js?body=1" for 127.0.0.1 at 2015-05-30 04:52:22 -0400


Started GET "/assets/active_admin/lib/checkbox-toggler.js?body=1" for 127.0.0.1 at 2015-05-30 04:52:22 -0400


Started GET "/assets/active_admin/lib/dropdown-menu.js?body=1" for 127.0.0.1 at 2015-05-30 04:52:22 -0400


Started GET "/assets/active_admin/lib/flash.js?body=1" for 127.0.0.1 at 2015-05-30 04:52:22 -0400


Started GET "/assets/active_admin/lib/has_many.js?body=1" for 127.0.0.1 at 2015-05-30 04:52:22 -0400


Started GET "/assets/active_admin/lib/modal_dialog.js?body=1" for 127.0.0.1 at 2015-05-30 04:52:22 -0400


Started GET "/assets/active_admin/lib/per_page.js?body=1" for 127.0.0.1 at 2015-05-30 04:52:22 -0400


Started GET "/assets/active_admin/lib/table-checkbox-toggler.js?body=1" for 127.0.0.1 at 2015-05-30 04:52:22 -0400


Started GET "/assets/active_admin/ext/jquery-ui.js?body=1" for 127.0.0.1 at 2015-05-30 04:52:22 -0400


Started GET "/assets/active_admin/ext/jquery.js?body=1" for 127.0.0.1 at 2015-05-30 04:52:22 -0400


Started GET "/assets/active_admin/application.js?body=1" for 127.0.0.1 at 2015-05-30 04:52:22 -0400


Started GET "/assets/active_admin.js?body=1" for 127.0.0.1 at 2015-05-30 04:52:22 -0400


Started GET "/assets/brands.js?body=1" for 127.0.0.1 at 2015-05-30 04:52:22 -0400


Started GET "/assets/brews.js?body=1" for 127.0.0.1 at 2015-05-30 04:52:22 -0400


Started GET "/assets/pages.js?body=1" for 127.0.0.1 at 2015-05-30 04:52:22 -0400


Started GET "/assets/roasts.js?body=1" for 127.0.0.1 at 2015-05-30 04:52:22 -0400


Started GET "/assets/application.js?body=1" for 127.0.0.1 at 2015-05-30 04:52:22 -0400


Started GET "/brands/3" for 127.0.0.1 at 2015-05-30 04:52:24 -0400
Processing by BrandsController#show as HTML
  Parameters: {"id"=>"3"}
  [1m[35mBrand Load (0.2ms)[0m  SELECT  "brands".* FROM "brands"  WHERE "brands"."id" = $1 LIMIT 1  [["id", 3]]
  [1m[36mRoast Load (0.3ms)[0m  [1mSELECT "roasts".* FROM "roasts"  WHERE "roasts"."brand_id" = $1[0m  [["brand_id", 3]]
  Rendered brands/show.html.erb within layouts/application (4.0ms)
  Rendered elements/_bootstrap.html.erb (0.3ms)
  [1m[35mUser Load (0.5ms)[0m  SELECT  "users".* FROM "users"  WHERE "users"."id" = 1  ORDER BY "users"."id" ASC LIMIT 1
  Rendered elements/_navbar.html.erb (2.3ms)
  Rendered elements/_header.html.erb (3.9ms)
  Rendered elements/_footer.html.erb (0.3ms)
Completed 200 OK in 198ms (Views: 196.0ms | ActiveRecord: 1.1ms)


Started GET "/brands/3" for 127.0.0.1 at 2015-05-30 04:52:30 -0400
Processing by BrandsController#show as HTML
  Parameters: {"id"=>"3"}
  [1m[36mBrand Load (0.3ms)[0m  [1mSELECT  "brands".* FROM "brands"  WHERE "brands"."id" = $1 LIMIT 1[0m  [["id", 3]]
  [1m[35mRoast Load (0.3ms)[0m  SELECT "roasts".* FROM "roasts"  WHERE "roasts"."brand_id" = $1  [["brand_id", 3]]
  Rendered brands/show.html.erb within layouts/application (3.2ms)
  Rendered elements/_bootstrap.html.erb (0.0ms)
  [1m[36mUser Load (0.5ms)[0m  [1mSELECT  "users".* FROM "users"  WHERE "users"."id" = 1  ORDER BY "users"."id" ASC LIMIT 1[0m
  Rendered elements/_navbar.html.erb (1.9ms)
  Rendered elements/_header.html.erb (3.2ms)
  Rendered elements/_footer.html.erb (0.0ms)
Completed 200 OK in 210ms (Views: 207.4ms | ActiveRecord: 1.0ms)


Started GET "/assets/bootstrap_configuration.css?body=1" for 127.0.0.1 at 2015-05-30 04:52:30 -0400


Started GET "/assets/pages.css?body=1" for 127.0.0.1 at 2015-05-30 04:52:30 -0400


Started GET "/assets/brews.css?body=1" for 127.0.0.1 at 2015-05-30 04:52:30 -0400


Started GET "/assets/roasts.css?body=1" for 127.0.0.1 at 2015-05-30 04:52:30 -0400


Started GET "/assets/brands.css?body=1" for 127.0.0.1 at 2015-05-30 04:52:30 -0400


Started GET "/assets/scaffolds.css?body=1" for 127.0.0.1 at 2015-05-30 04:52:30 -0400


Started GET "/assets/application.css?body=1" for 127.0.0.1 at 2015-05-30 04:52:30 -0400


Started GET "/assets/jquery.js?body=1" for 127.0.0.1 at 2015-05-30 04:52:30 -0400


Started GET "/assets/jquery_ujs.js?body=1" for 127.0.0.1 at 2015-05-30 04:52:30 -0400


Started GET "/assets/turbolinks.js?body=1" for 127.0.0.1 at 2015-05-30 04:52:30 -0400


Started GET "/assets/jquery-ui/core.js?body=1" for 127.0.0.1 at 2015-05-30 04:52:30 -0400


Started GET "/assets/jquery-ui/datepicker.js?body=1" for 127.0.0.1 at 2015-05-30 04:52:30 -0400


Started GET "/assets/jquery-ui/widget.js?body=1" for 127.0.0.1 at 2015-05-30 04:52:30 -0400


Started GET "/assets/jquery-ui/button.js?body=1" for 127.0.0.1 at 2015-05-30 04:52:30 -0400


Started GET "/assets/jquery-ui/mouse.js?body=1" for 127.0.0.1 at 2015-05-30 04:52:30 -0400


Started GET "/assets/jquery-ui/draggable.js?body=1" for 127.0.0.1 at 2015-05-30 04:52:30 -0400


Started GET "/assets/jquery-ui/position.js?body=1" for 127.0.0.1 at 2015-05-30 04:52:30 -0400


Started GET "/assets/jquery-ui/resizable.js?body=1" for 127.0.0.1 at 2015-05-30 04:52:30 -0400


Started GET "/assets/jquery-ui/dialog.js?body=1" for 127.0.0.1 at 2015-05-30 04:52:30 -0400


Started GET "/assets/jquery-ui/sortable.js?body=1" for 127.0.0.1 at 2015-05-30 04:52:30 -0400


Started GET "/assets/jquery-ui/tabs.js?body=1" for 127.0.0.1 at 2015-05-30 04:52:30 -0400


Started GET "/assets/active_admin/base.js?body=1" for 127.0.0.1 at 2015-05-30 04:52:30 -0400


Started GET "/assets/active_admin/lib/batch_actions.js?body=1" for 127.0.0.1 at 2015-05-30 04:52:30 -0400


Started GET "/assets/active_admin/lib/checkbox-toggler.js?body=1" for 127.0.0.1 at 2015-05-30 04:52:30 -0400


Started GET "/assets/active_admin/lib/dropdown-menu.js?body=1" for 127.0.0.1 at 2015-05-30 04:52:30 -0400


Started GET "/assets/active_admin/lib/flash.js?body=1" for 127.0.0.1 at 2015-05-30 04:52:30 -0400


Started GET "/assets/active_admin/lib/has_many.js?body=1" for 127.0.0.1 at 2015-05-30 04:52:30 -0400


Started GET "/assets/active_admin/lib/modal_dialog.js?body=1" for 127.0.0.1 at 2015-05-30 04:52:30 -0400


Started GET "/assets/active_admin/lib/per_page.js?body=1" for 127.0.0.1 at 2015-05-30 04:52:30 -0400


Started GET "/assets/active_admin/lib/table-checkbox-toggler.js?body=1" for 127.0.0.1 at 2015-05-30 04:52:30 -0400


Started GET "/assets/active_admin/ext/jquery-ui.js?body=1" for 127.0.0.1 at 2015-05-30 04:52:30 -0400


Started GET "/assets/active_admin/ext/jquery.js?body=1" for 127.0.0.1 at 2015-05-30 04:52:30 -0400


Started GET "/assets/active_admin/application.js?body=1" for 127.0.0.1 at 2015-05-30 04:52:30 -0400


Started GET "/assets/active_admin.js?body=1" for 127.0.0.1 at 2015-05-30 04:52:30 -0400


Started GET "/assets/brands.js?body=1" for 127.0.0.1 at 2015-05-30 04:52:30 -0400


Started GET "/assets/brews.js?body=1" for 127.0.0.1 at 2015-05-30 04:52:30 -0400


Started GET "/assets/pages.js?body=1" for 127.0.0.1 at 2015-05-30 04:52:30 -0400


Started GET "/assets/roasts.js?body=1" for 127.0.0.1 at 2015-05-30 04:52:30 -0400


Started GET "/assets/application.js?body=1" for 127.0.0.1 at 2015-05-30 04:52:30 -0400
